timestep: 6000, actor_loss: -3.169529914855957, critic_loss: 0.05927472189068794	
timestep: 9000, actor_loss: -14.584064483642578, critic_loss: 1.6260521411895752	
timestep: 12000, actor_loss: -29.529273986816406, critic_loss: 0.4866551160812378	
timestep: 15000, actor_loss: -43.60070037841797, critic_loss: 1.3968853950500488	
timestep: 18000, actor_loss: -58.91289520263672, critic_loss: 3.438485860824585	
timestep: 21000, actor_loss: -73.65629577636719, critic_loss: 3.2967844009399414	
timestep: 24000, actor_loss: -78.37403869628906, critic_loss: 33.53581619262695	
timestep: 27000, actor_loss: -90.11637878417969, critic_loss: 9.54160213470459	
timestep: 30000, actor_loss: -102.90187072753906, critic_loss: 16.715930938720703	
timestep: 33000, actor_loss: -119.68557739257812, critic_loss: 13.220508575439453	
timestep: 36000, actor_loss: -126.19468688964844, critic_loss: 33.53418731689453	
timestep: 39000, actor_loss: -147.29830932617188, critic_loss: 22.651317596435547	
timestep: 42000, actor_loss: -152.76812744140625, critic_loss: 26.80069351196289	
timestep: 45000, actor_loss: -150.6943817138672, critic_loss: 10.83251953125	
timestep: 48000, actor_loss: -162.51104736328125, critic_loss: 6.569882392883301	
timestep: 51000, actor_loss: -156.082275390625, critic_loss: 62.79913330078125	
timestep: 54000, actor_loss: -173.65306091308594, critic_loss: 34.675750732421875	
timestep: 57000, actor_loss: -177.29165649414062, critic_loss: 141.43869018554688	
timestep: 60000, actor_loss: -182.3834686279297, critic_loss: 18.510828018188477	
timestep: 63000, actor_loss: -191.1622314453125, critic_loss: 39.26209259033203	
timestep: 66000, actor_loss: -199.53076171875, critic_loss: 28.386022567749023	
timestep: 69000, actor_loss: -195.151611328125, critic_loss: 62.904624938964844	
timestep: 72000, actor_loss: -211.58535766601562, critic_loss: 27.054134368896484	
timestep: 75000, actor_loss: -234.0725555419922, critic_loss: 34.99176788330078	
timestep: 78000, actor_loss: -247.3453369140625, critic_loss: 32.6858024597168	
timestep: 81000, actor_loss: -237.61398315429688, critic_loss: 45.709720611572266	
timestep: 84000, actor_loss: -246.33871459960938, critic_loss: 19.225231170654297	
timestep: 87000, actor_loss: -247.49627685546875, critic_loss: 66.03131103515625	
timestep: 90000, actor_loss: -255.9020233154297, critic_loss: 22.410324096679688	
timestep: 93000, actor_loss: -264.90460205078125, critic_loss: 21.362689971923828	
timestep: 96000, actor_loss: -251.7863006591797, critic_loss: 14.540338516235352	
timestep: 99000, actor_loss: -259.9267883300781, critic_loss: 15.054462432861328	
timestep: 102000, actor_loss: -241.59019470214844, critic_loss: 34.720497131347656	
timestep: 105000, actor_loss: -249.50013732910156, critic_loss: 121.49483489990234	
timestep: 108000, actor_loss: -262.93585205078125, critic_loss: 56.90742492675781	
timestep: 111000, actor_loss: -240.20843505859375, critic_loss: 26.023130416870117	
timestep: 114000, actor_loss: -237.22900390625, critic_loss: 29.584800720214844	
timestep: 117000, actor_loss: -270.876953125, critic_loss: 21.23876953125	
timestep: 120000, actor_loss: -259.90093994140625, critic_loss: 206.259033203125	
timestep: 123000, actor_loss: -261.32958984375, critic_loss: 142.7139434814453	
timestep: 126000, actor_loss: -285.16302490234375, critic_loss: 24.3466796875	
timestep: 129000, actor_loss: -275.49847412109375, critic_loss: 28.948162078857422	
timestep: 132000, actor_loss: -275.6341552734375, critic_loss: 25.990272521972656	
timestep: 135000, actor_loss: -262.38531494140625, critic_loss: 44.64337921142578	
timestep: 138000, actor_loss: -257.665771484375, critic_loss: 18.304912567138672	
timestep: 141000, actor_loss: -266.0046081542969, critic_loss: 30.120555877685547	
timestep: 144000, actor_loss: -278.2008056640625, critic_loss: 18.14923095703125	
timestep: 147000, actor_loss: -259.5875244140625, critic_loss: 14.160429954528809	
timestep: 150000, actor_loss: -267.9726257324219, critic_loss: 114.34647369384766	
timestep: 153000, actor_loss: -266.49810791015625, critic_loss: 21.427295684814453	
timestep: 156000, actor_loss: -262.83935546875, critic_loss: 101.95074462890625	
timestep: 159000, actor_loss: -268.04998779296875, critic_loss: 62.683937072753906	
timestep: 162000, actor_loss: -277.97088623046875, critic_loss: 41.350318908691406	
timestep: 165000, actor_loss: -267.8067626953125, critic_loss: 37.731258392333984	
timestep: 168000, actor_loss: -267.6543273925781, critic_loss: 25.008804321289062	
timestep: 171000, actor_loss: -268.789794921875, critic_loss: 690.3407592773438	
timestep: 174000, actor_loss: -283.79119873046875, critic_loss: 47.6447868347168	
timestep: 177000, actor_loss: -283.34918212890625, critic_loss: 19.596820831298828	
timestep: 180000, actor_loss: -277.86932373046875, critic_loss: 61.948707580566406	
timestep: 183000, actor_loss: -284.56256103515625, critic_loss: 18.927608489990234	
timestep: 186000, actor_loss: -274.6912841796875, critic_loss: 62.288734436035156	
timestep: 189000, actor_loss: -274.83123779296875, critic_loss: 19.18745231628418	
timestep: 192000, actor_loss: -280.4486083984375, critic_loss: 34.27287292480469	
timestep: 195000, actor_loss: -278.123779296875, critic_loss: 26.122241973876953	
timestep: 198000, actor_loss: -296.816162109375, critic_loss: 40.99114990234375	
timestep: 201000, actor_loss: -290.4158020019531, critic_loss: 27.32781410217285	
timestep: 204000, actor_loss: -285.77423095703125, critic_loss: 46.6091194152832	
timestep: 207000, actor_loss: -326.961181640625, critic_loss: 186.90093994140625	
timestep: 210000, actor_loss: -313.1082458496094, critic_loss: 64.20828247070312	
timestep: 213000, actor_loss: -319.8492431640625, critic_loss: 47.44102096557617	
timestep: 216000, actor_loss: -313.832763671875, critic_loss: 53.233394622802734	
timestep: 219000, actor_loss: -329.8529052734375, critic_loss: 49.503868103027344	
timestep: 222000, actor_loss: -305.9205627441406, critic_loss: 79.71881103515625	
timestep: 225000, actor_loss: -308.94329833984375, critic_loss: 55.73746109008789	
timestep: 228000, actor_loss: -318.16583251953125, critic_loss: 79.76762390136719	
timestep: 231000, actor_loss: -303.0930480957031, critic_loss: 47.16526794433594	
timestep: 234000, actor_loss: -316.0479736328125, critic_loss: 35.22244644165039	
timestep: 237000, actor_loss: -303.242431640625, critic_loss: 410.1486511230469	
timestep: 240000, actor_loss: -309.38433837890625, critic_loss: 23.14120101928711	
timestep: 243000, actor_loss: -317.43792724609375, critic_loss: 1038.648681640625	
timestep: 246000, actor_loss: -282.84283447265625, critic_loss: 36.53584289550781	
timestep: 249000, actor_loss: -288.1934814453125, critic_loss: 489.3871765136719	
timestep: 252000, actor_loss: -313.491455078125, critic_loss: 40.89103698730469	
timestep: 255000, actor_loss: -300.60809326171875, critic_loss: 16.688434600830078	
timestep: 258000, actor_loss: -308.8705749511719, critic_loss: 30.481019973754883	
timestep: 261000, actor_loss: -302.1461181640625, critic_loss: 68.4989013671875	
timestep: 264000, actor_loss: -304.653564453125, critic_loss: 272.55419921875	
timestep: 267000, actor_loss: -320.8685302734375, critic_loss: 31.602413177490234	
timestep: 270000, actor_loss: -290.783203125, critic_loss: 41.33291244506836	
timestep: 273000, actor_loss: -305.790283203125, critic_loss: 42.34946060180664	
timestep: 276000, actor_loss: -308.6270446777344, critic_loss: 49.20337677001953	
timestep: 279000, actor_loss: -303.4281005859375, critic_loss: 53.983497619628906	
timestep: 282000, actor_loss: -303.6994323730469, critic_loss: 19.059349060058594	
timestep: 285000, actor_loss: -313.5555114746094, critic_loss: 130.0849609375	
timestep: 288000, actor_loss: -310.57781982421875, critic_loss: 19.493844985961914	
timestep: 291000, actor_loss: -295.09832763671875, critic_loss: 31.385299682617188	
timestep: 294000, actor_loss: -305.73260498046875, critic_loss: 39.97071075439453	
timestep: 297000, actor_loss: -297.6046142578125, critic_loss: 31.66153907775879	
timestep: 300000, actor_loss: -308.2125244140625, critic_loss: 64.72306823730469	
timestep: 303000, actor_loss: -287.45697021484375, critic_loss: 37.618751525878906	
timestep: 306000, actor_loss: -312.1436767578125, critic_loss: 512.4448852539062	
timestep: 309000, actor_loss: -310.254150390625, critic_loss: 38.75260925292969	
timestep: 312000, actor_loss: -301.66961669921875, critic_loss: 22.48003387451172	
timestep: 315000, actor_loss: -301.2817687988281, critic_loss: 15.430093765258789	
timestep: 318000, actor_loss: -293.7779541015625, critic_loss: 41.64600372314453	
timestep: 321000, actor_loss: -315.4690856933594, critic_loss: 13.09075927734375	
timestep: 324000, actor_loss: -317.6862487792969, critic_loss: 20.694747924804688	
timestep: 327000, actor_loss: -305.87347412109375, critic_loss: 43.93682861328125	
timestep: 330000, actor_loss: -309.4516296386719, critic_loss: 27.503646850585938	
timestep: 333000, actor_loss: -303.32025146484375, critic_loss: 46.69835662841797	
timestep: 336000, actor_loss: -296.2742919921875, critic_loss: 36.57696533203125	
timestep: 339000, actor_loss: -308.34844970703125, critic_loss: 37.383689880371094	
timestep: 342000, actor_loss: -323.7656555175781, critic_loss: 20.310813903808594	
timestep: 345000, actor_loss: -332.14080810546875, critic_loss: 43.223114013671875	
timestep: 348000, actor_loss: -321.64178466796875, critic_loss: 82.27806854248047	
timestep: 351000, actor_loss: -309.7817687988281, critic_loss: 80.29208374023438	
timestep: 354000, actor_loss: -310.30029296875, critic_loss: 94.79438781738281	
timestep: 357000, actor_loss: -310.9732971191406, critic_loss: 24.929981231689453	
timestep: 360000, actor_loss: -314.10504150390625, critic_loss: 65.17816162109375	
timestep: 363000, actor_loss: -328.63104248046875, critic_loss: 32.154605865478516	
timestep: 366000, actor_loss: -304.59515380859375, critic_loss: 107.80854034423828	
timestep: 369000, actor_loss: -312.39483642578125, critic_loss: 23.72812843322754	
timestep: 372000, actor_loss: -321.1072998046875, critic_loss: 32.166236877441406	
timestep: 375000, actor_loss: -296.36175537109375, critic_loss: 94.6672592163086	
timestep: 378000, actor_loss: -312.7344970703125, critic_loss: 57.667945861816406	
timestep: 381000, actor_loss: -301.0824890136719, critic_loss: 27.86905860900879	
timestep: 384000, actor_loss: -319.05706787109375, critic_loss: 23.169292449951172	
timestep: 387000, actor_loss: -305.1719970703125, critic_loss: 15.973694801330566	
timestep: 390000, actor_loss: -325.40887451171875, critic_loss: 55.852783203125	
timestep: 393000, actor_loss: -317.52947998046875, critic_loss: 27.712615966796875	
timestep: 396000, actor_loss: -306.51385498046875, critic_loss: 15.684488296508789	
timestep: 399000, actor_loss: -313.47003173828125, critic_loss: 15.307836532592773	
timestep: 402000, actor_loss: -301.6525573730469, critic_loss: 31.16110610961914	
timestep: 405000, actor_loss: -303.20263671875, critic_loss: 51.02809143066406	
timestep: 408000, actor_loss: -313.94091796875, critic_loss: 30.960126876831055	
timestep: 411000, actor_loss: -316.861083984375, critic_loss: 121.74993133544922	
timestep: 414000, actor_loss: -308.33306884765625, critic_loss: 32.814842224121094	
timestep: 417000, actor_loss: -310.71893310546875, critic_loss: 45.55963134765625	
timestep: 420000, actor_loss: -310.2166748046875, critic_loss: 27.35528564453125	
timestep: 423000, actor_loss: -324.80975341796875, critic_loss: 24.442731857299805	
timestep: 426000, actor_loss: -311.5917663574219, critic_loss: 32.30375289916992	
timestep: 429000, actor_loss: -307.0794372558594, critic_loss: 62.737979888916016	
timestep: 432000, actor_loss: -311.649658203125, critic_loss: 43.651615142822266	
timestep: 435000, actor_loss: -316.3525695800781, critic_loss: 21.99388313293457	
timestep: 438000, actor_loss: -308.06707763671875, critic_loss: 23.626365661621094	
timestep: 441000, actor_loss: -315.55615234375, critic_loss: 9.749711036682129	
timestep: 444000, actor_loss: -312.6836242675781, critic_loss: 26.862865447998047	
timestep: 447000, actor_loss: -310.915771484375, critic_loss: 227.71377563476562	
timestep: 450000, actor_loss: -307.97393798828125, critic_loss: 14.927576065063477	
timestep: 453000, actor_loss: -313.9524230957031, critic_loss: 24.79709243774414	
timestep: 456000, actor_loss: -309.5973205566406, critic_loss: 117.13893127441406	
timestep: 459000, actor_loss: -312.6026916503906, critic_loss: 27.453231811523438	
timestep: 462000, actor_loss: -304.49542236328125, critic_loss: 329.08099365234375	
timestep: 465000, actor_loss: -296.32012939453125, critic_loss: 37.473045349121094	
timestep: 468000, actor_loss: -302.90252685546875, critic_loss: 26.708858489990234	
timestep: 471000, actor_loss: -309.8576354980469, critic_loss: 82.17240905761719	
timestep: 474000, actor_loss: -328.3916015625, critic_loss: 33.10006332397461	
timestep: 477000, actor_loss: -299.35528564453125, critic_loss: 24.87575912475586	
timestep: 480000, actor_loss: -314.33013916015625, critic_loss: 25.110374450683594	
timestep: 483000, actor_loss: -318.4986572265625, critic_loss: 20.828231811523438	
timestep: 486000, actor_loss: -308.83648681640625, critic_loss: 287.79986572265625	
timestep: 489000, actor_loss: -315.4136047363281, critic_loss: 86.29610443115234	
timestep: 492000, actor_loss: -308.6523742675781, critic_loss: 119.33273315429688	
timestep: 495000, actor_loss: -332.58453369140625, critic_loss: 28.034635543823242	
timestep: 498000, actor_loss: -317.84735107421875, critic_loss: 8.598962783813477	
timestep: 501000, actor_loss: -318.0570373535156, critic_loss: 16.6387882232666	
timestep: 504000, actor_loss: -316.6451416015625, critic_loss: 158.8525390625	
timestep: 507000, actor_loss: -334.89056396484375, critic_loss: 29.189579010009766	
timestep: 510000, actor_loss: -314.925537109375, critic_loss: 32.49566650390625	
timestep: 513000, actor_loss: -316.22369384765625, critic_loss: 16.986331939697266	
timestep: 516000, actor_loss: -325.0357666015625, critic_loss: 33.26786422729492	
timestep: 519000, actor_loss: -335.87518310546875, critic_loss: 516.7562866210938	
timestep: 522000, actor_loss: -325.0174255371094, critic_loss: 209.6771240234375	
timestep: 525000, actor_loss: -322.45721435546875, critic_loss: 74.32618713378906	
timestep: 528000, actor_loss: -335.05279541015625, critic_loss: 52.09975814819336	
timestep: 531000, actor_loss: -323.74066162109375, critic_loss: 16.39594841003418	
timestep: 534000, actor_loss: -315.6297302246094, critic_loss: 72.6141586303711	
timestep: 537000, actor_loss: -331.4873046875, critic_loss: 66.91980743408203	
timestep: 540000, actor_loss: -322.453857421875, critic_loss: 14.538199424743652	
timestep: 543000, actor_loss: -313.04266357421875, critic_loss: 28.0841064453125	
timestep: 546000, actor_loss: -314.91912841796875, critic_loss: 176.03775024414062	
timestep: 549000, actor_loss: -323.60467529296875, critic_loss: 17.08742904663086	
timestep: 552000, actor_loss: -324.541015625, critic_loss: 14.011746406555176	
timestep: 555000, actor_loss: -326.52557373046875, critic_loss: 28.08875274658203	
timestep: 558000, actor_loss: -328.05023193359375, critic_loss: 27.82978057861328	
timestep: 561000, actor_loss: -329.46343994140625, critic_loss: 29.708959579467773	
timestep: 564000, actor_loss: -329.4920349121094, critic_loss: 12.276856422424316	
timestep: 567000, actor_loss: -333.4351806640625, critic_loss: 15.499886512756348	
timestep: 570000, actor_loss: -325.3949279785156, critic_loss: 18.546836853027344	
timestep: 573000, actor_loss: -318.0540771484375, critic_loss: 22.895553588867188	
timestep: 576000, actor_loss: -326.01947021484375, critic_loss: 51.71440887451172	
timestep: 579000, actor_loss: -310.0395812988281, critic_loss: 18.214202880859375	
timestep: 582000, actor_loss: -313.45843505859375, critic_loss: 28.908550262451172	
timestep: 585000, actor_loss: -315.2510986328125, critic_loss: 13.15987777709961	
timestep: 588000, actor_loss: -325.9197998046875, critic_loss: 41.510826110839844	
timestep: 591000, actor_loss: -322.1443786621094, critic_loss: 905.7538452148438	
timestep: 594000, actor_loss: -323.83575439453125, critic_loss: 24.025999069213867	
timestep: 597000, actor_loss: -321.531494140625, critic_loss: 32.175628662109375	
timestep: 600000, actor_loss: -321.4226989746094, critic_loss: 14.833251953125	
timestep: 603000, actor_loss: -330.0165710449219, critic_loss: 104.923095703125	
timestep: 606000, actor_loss: -318.900390625, critic_loss: 67.34146118164062	
timestep: 609000, actor_loss: -308.13409423828125, critic_loss: 15.671073913574219	
timestep: 612000, actor_loss: -303.4739990234375, critic_loss: 15.360099792480469	
timestep: 615000, actor_loss: -315.0427551269531, critic_loss: 43.41237258911133	
timestep: 618000, actor_loss: -325.0650329589844, critic_loss: 48.68702697753906	
timestep: 621000, actor_loss: -322.7420959472656, critic_loss: 27.497421264648438	
timestep: 624000, actor_loss: -319.43798828125, critic_loss: 1221.82470703125	
timestep: 627000, actor_loss: -319.18023681640625, critic_loss: 33.493953704833984	
timestep: 630000, actor_loss: -303.58734130859375, critic_loss: 19.241352081298828	
timestep: 633000, actor_loss: -310.0709228515625, critic_loss: 106.109619140625	
timestep: 636000, actor_loss: -310.7891845703125, critic_loss: 28.484758377075195	
timestep: 639000, actor_loss: -313.15350341796875, critic_loss: 11.845212936401367	
timestep: 642000, actor_loss: -314.44677734375, critic_loss: 27.57307243347168	
timestep: 645000, actor_loss: -306.4027404785156, critic_loss: 29.742788314819336	
timestep: 648000, actor_loss: -321.1004638671875, critic_loss: 6.681154727935791	
timestep: 651000, actor_loss: -313.4546813964844, critic_loss: 32.37235641479492	
timestep: 654000, actor_loss: -329.2349853515625, critic_loss: 59.628326416015625	
timestep: 657000, actor_loss: -316.288818359375, critic_loss: 11.768892288208008	
timestep: 660000, actor_loss: -309.33966064453125, critic_loss: 101.67559051513672	
timestep: 663000, actor_loss: -322.30047607421875, critic_loss: 153.73558044433594	
timestep: 666000, actor_loss: -304.6457214355469, critic_loss: 42.630126953125	
timestep: 669000, actor_loss: -306.37176513671875, critic_loss: 11.268001556396484	
timestep: 672000, actor_loss: -330.76287841796875, critic_loss: 8.771684646606445	
timestep: 675000, actor_loss: -313.11614990234375, critic_loss: 19.142269134521484	
timestep: 678000, actor_loss: -313.97491455078125, critic_loss: 24.67440414428711	
timestep: 681000, actor_loss: -319.55859375, critic_loss: 45.67226028442383	
timestep: 684000, actor_loss: -310.0183410644531, critic_loss: 11.365253448486328	
timestep: 687000, actor_loss: -320.3904113769531, critic_loss: 52.717315673828125	
timestep: 690000, actor_loss: -332.05859375, critic_loss: 19.08540916442871	
timestep: 693000, actor_loss: -312.95306396484375, critic_loss: 34.42033386230469	
timestep: 696000, actor_loss: -305.869384765625, critic_loss: 26.395233154296875	
timestep: 699000, actor_loss: -316.7288818359375, critic_loss: 19.71075439453125	
timestep: 702000, actor_loss: -309.24493408203125, critic_loss: 9.198962211608887	
timestep: 705000, actor_loss: -315.4860534667969, critic_loss: 162.0196533203125	
timestep: 708000, actor_loss: -321.524658203125, critic_loss: 9.406929016113281	
timestep: 711000, actor_loss: -329.03704833984375, critic_loss: 129.5758056640625	
timestep: 714000, actor_loss: -319.1051025390625, critic_loss: 17.17914390563965	
timestep: 717000, actor_loss: -307.1380310058594, critic_loss: 23.75307273864746	
timestep: 720000, actor_loss: -313.37506103515625, critic_loss: 10.951457023620605	
timestep: 723000, actor_loss: -327.467529296875, critic_loss: 8.741205215454102	
timestep: 726000, actor_loss: -310.1363830566406, critic_loss: 320.9785461425781	
timestep: 729000, actor_loss: -316.54833984375, critic_loss: 12.168909072875977	
timestep: 732000, actor_loss: -317.6097412109375, critic_loss: 29.82101058959961	
timestep: 735000, actor_loss: -319.5623779296875, critic_loss: 6.326566696166992	
timestep: 738000, actor_loss: -308.94549560546875, critic_loss: 20.79732894897461	
timestep: 741000, actor_loss: -306.22747802734375, critic_loss: 12.980307579040527	
timestep: 744000, actor_loss: -321.69317626953125, critic_loss: 181.18783569335938	
timestep: 747000, actor_loss: -309.72479248046875, critic_loss: 15.073909759521484	
timestep: 750000, actor_loss: -328.33111572265625, critic_loss: 10.32769775390625	
timestep: 753000, actor_loss: -317.0865783691406, critic_loss: 20.249006271362305	
timestep: 756000, actor_loss: -305.95574951171875, critic_loss: 14.240498542785645	
timestep: 759000, actor_loss: -322.00823974609375, critic_loss: 11.859723091125488	
timestep: 762000, actor_loss: -314.3128662109375, critic_loss: 5.8978590965271	
timestep: 765000, actor_loss: -297.26898193359375, critic_loss: 12.321283340454102	
timestep: 768000, actor_loss: -305.087158203125, critic_loss: 17.868507385253906	
timestep: 771000, actor_loss: -321.84185791015625, critic_loss: 36.300262451171875	
timestep: 774000, actor_loss: -312.414794921875, critic_loss: 513.53466796875	
timestep: 777000, actor_loss: -320.7763671875, critic_loss: 38.224220275878906	
timestep: 780000, actor_loss: -324.3711242675781, critic_loss: 42.029640197753906	
timestep: 783000, actor_loss: -321.5244140625, critic_loss: 26.83002281188965	
timestep: 786000, actor_loss: -315.4490661621094, critic_loss: 25.679899215698242	
timestep: 789000, actor_loss: -313.2486572265625, critic_loss: 27.571605682373047	
timestep: 792000, actor_loss: -312.44036865234375, critic_loss: 13.335297584533691	
timestep: 795000, actor_loss: -308.5023193359375, critic_loss: 36.94512176513672	
timestep: 798000, actor_loss: -310.7742004394531, critic_loss: 45.99348831176758	
timestep: 801000, actor_loss: -315.5208435058594, critic_loss: 36.5667610168457	
timestep: 804000, actor_loss: -326.93670654296875, critic_loss: 32.154727935791016	
timestep: 807000, actor_loss: -305.43341064453125, critic_loss: 177.55941772460938	
timestep: 810000, actor_loss: -313.32000732421875, critic_loss: 67.93576049804688	
timestep: 813000, actor_loss: -305.8436584472656, critic_loss: 38.528472900390625	
timestep: 816000, actor_loss: -313.80828857421875, critic_loss: 11.507353782653809	
timestep: 819000, actor_loss: -317.1149597167969, critic_loss: 29.264497756958008	
timestep: 822000, actor_loss: -313.2337951660156, critic_loss: 15.498749732971191	
timestep: 825000, actor_loss: -307.59783935546875, critic_loss: 759.701171875	
timestep: 828000, actor_loss: -309.2098388671875, critic_loss: 20.719743728637695	
timestep: 831000, actor_loss: -315.358642578125, critic_loss: 1006.222412109375	
timestep: 834000, actor_loss: -306.65338134765625, critic_loss: 10.859291076660156	
timestep: 837000, actor_loss: -311.1458740234375, critic_loss: 6.447774887084961	
timestep: 840000, actor_loss: -329.19085693359375, critic_loss: 12.189679145812988	
timestep: 843000, actor_loss: -315.36541748046875, critic_loss: 15.744606018066406	
timestep: 846000, actor_loss: -300.0218200683594, critic_loss: 96.10214233398438	
timestep: 849000, actor_loss: -312.114501953125, critic_loss: 870.170654296875	
timestep: 852000, actor_loss: -312.6243896484375, critic_loss: 19.656234741210938	
timestep: 855000, actor_loss: -303.18988037109375, critic_loss: 59.91331481933594	
timestep: 858000, actor_loss: -311.91741943359375, critic_loss: 54.47468948364258	
timestep: 861000, actor_loss: -306.1724548339844, critic_loss: 19.267311096191406	
timestep: 864000, actor_loss: -310.1416015625, critic_loss: 10.675448417663574	
timestep: 867000, actor_loss: -309.6419372558594, critic_loss: 31.00721549987793	
timestep: 870000, actor_loss: -324.2530517578125, critic_loss: 22.485454559326172	
timestep: 873000, actor_loss: -311.5548400878906, critic_loss: 19.39714813232422	
timestep: 876000, actor_loss: -313.8497314453125, critic_loss: 14.243939399719238	
timestep: 879000, actor_loss: -310.7392883300781, critic_loss: 6.699546813964844	
timestep: 882000, actor_loss: -314.2027587890625, critic_loss: 12.512917518615723	
timestep: 885000, actor_loss: -316.88690185546875, critic_loss: 28.464582443237305	
timestep: 888000, actor_loss: -300.9415588378906, critic_loss: 17.721357345581055	
timestep: 891000, actor_loss: -310.8668518066406, critic_loss: 214.3391876220703	
timestep: 894000, actor_loss: -310.1639404296875, critic_loss: 8.36197566986084	
timestep: 897000, actor_loss: -300.010009765625, critic_loss: 15.734582901000977	
timestep: 900000, actor_loss: -317.54656982421875, critic_loss: 13.01423454284668	
timestep: 903000, actor_loss: -307.95367431640625, critic_loss: 27.025463104248047	
timestep: 906000, actor_loss: -312.35400390625, critic_loss: 258.6285705566406	
timestep: 909000, actor_loss: -314.5479736328125, critic_loss: 10.680683135986328	
timestep: 912000, actor_loss: -309.083251953125, critic_loss: 8.882392883300781	
timestep: 915000, actor_loss: -314.752685546875, critic_loss: 124.82466125488281	
timestep: 918000, actor_loss: -309.9776306152344, critic_loss: 11.577098846435547	
timestep: 921000, actor_loss: -302.4559326171875, critic_loss: 13.676677703857422	
timestep: 924000, actor_loss: -314.92730712890625, critic_loss: 85.16808319091797	
timestep: 927000, actor_loss: -309.38958740234375, critic_loss: 13.068586349487305	
timestep: 930000, actor_loss: -312.24310302734375, critic_loss: 376.2381591796875	
timestep: 933000, actor_loss: -317.6160888671875, critic_loss: 60.85686492919922	
timestep: 936000, actor_loss: -312.17071533203125, critic_loss: 23.836530685424805	
timestep: 939000, actor_loss: -323.29327392578125, critic_loss: 9.992361068725586	
timestep: 942000, actor_loss: -317.5050048828125, critic_loss: 22.88079071044922	
timestep: 945000, actor_loss: -303.27557373046875, critic_loss: 55.78306198120117	
timestep: 948000, actor_loss: -301.9886474609375, critic_loss: 9.810730934143066	
timestep: 951000, actor_loss: -320.3979187011719, critic_loss: 27.95492172241211	
timestep: 954000, actor_loss: -312.2019958496094, critic_loss: 38.973114013671875	
timestep: 957000, actor_loss: -305.2071838378906, critic_loss: 23.25092887878418	
timestep: 960000, actor_loss: -305.9749755859375, critic_loss: 16.714370727539062	
timestep: 963000, actor_loss: -315.4296875, critic_loss: 44.5218505859375	
timestep: 966000, actor_loss: -318.2182312011719, critic_loss: 41.41762161254883	
timestep: 969000, actor_loss: -319.23614501953125, critic_loss: 6.326869964599609	
timestep: 972000, actor_loss: -325.18408203125, critic_loss: 22.842575073242188	
timestep: 975000, actor_loss: -310.08941650390625, critic_loss: 18.32084083557129	
timestep: 978000, actor_loss: -312.8332214355469, critic_loss: 69.2509765625	
timestep: 981000, actor_loss: -322.6646728515625, critic_loss: 82.36506652832031	
timestep: 984000, actor_loss: -313.06866455078125, critic_loss: 9.998313903808594	
timestep: 987000, actor_loss: -321.1727294921875, critic_loss: 6.888079643249512	
timestep: 990000, actor_loss: -309.74847412109375, critic_loss: 11.438438415527344	
timestep: 993000, actor_loss: -329.46453857421875, critic_loss: 17.512920379638672	
timestep: 996000, actor_loss: -327.90447998046875, critic_loss: 15.177927017211914	
timestep: 999000, actor_loss: -316.86602783203125, critic_loss: 6.257808208465576	
timestep: 1002000, actor_loss: -306.28399658203125, critic_loss: 10.065460205078125	
timestep: 1005000, actor_loss: -323.7379150390625, critic_loss: 13.000833511352539	
timestep: 1008000, actor_loss: -309.32940673828125, critic_loss: 11.020844459533691	
timestep: 1011000, actor_loss: -308.81976318359375, critic_loss: 15.823179244995117	
timestep: 1014000, actor_loss: -321.96441650390625, critic_loss: 21.644254684448242	
timestep: 1017000, actor_loss: -324.2195129394531, critic_loss: 15.47859001159668	
timestep: 1020000, actor_loss: -320.7629089355469, critic_loss: 109.57579803466797	
timestep: 1023000, actor_loss: -322.0198974609375, critic_loss: 14.245246887207031	
timestep: 1026000, actor_loss: -337.6815185546875, critic_loss: 10.546756744384766	
timestep: 1029000, actor_loss: -318.95196533203125, critic_loss: 17.184450149536133	
timestep: 1032000, actor_loss: -326.9635314941406, critic_loss: 1094.7958984375	
timestep: 1035000, actor_loss: -319.0704040527344, critic_loss: 15.081945419311523	
timestep: 1038000, actor_loss: -321.3591613769531, critic_loss: 17.220029830932617	
timestep: 1041000, actor_loss: -321.37005615234375, critic_loss: 6.454619407653809	
timestep: 1044000, actor_loss: -329.68701171875, critic_loss: 11.405461311340332	
timestep: 1047000, actor_loss: -317.46881103515625, critic_loss: 35.72751235961914	
timestep: 1050000, actor_loss: -330.5242919921875, critic_loss: 12.595815658569336	
timestep: 1053000, actor_loss: -340.1716003417969, critic_loss: 9.634634971618652	
timestep: 1056000, actor_loss: -329.4440612792969, critic_loss: 12.086233139038086	
timestep: 1059000, actor_loss: -322.26666259765625, critic_loss: 20.277538299560547	
timestep: 1062000, actor_loss: -315.8756408691406, critic_loss: 11.64596939086914	
timestep: 1065000, actor_loss: -328.26812744140625, critic_loss: 26.75383186340332	
timestep: 1068000, actor_loss: -323.6426086425781, critic_loss: 14.698490142822266	
timestep: 1071000, actor_loss: -334.6476745605469, critic_loss: 16.870018005371094	
timestep: 1074000, actor_loss: -335.5481872558594, critic_loss: 15.71768856048584	
timestep: 1077000, actor_loss: -327.50433349609375, critic_loss: 14.721860885620117	
timestep: 1080000, actor_loss: -327.42401123046875, critic_loss: 7.324419975280762	
timestep: 1083000, actor_loss: -331.8942565917969, critic_loss: 21.043893814086914	
timestep: 1086000, actor_loss: -321.22314453125, critic_loss: 21.775680541992188	
timestep: 1089000, actor_loss: -323.9274597167969, critic_loss: 14.261220932006836	
timestep: 1092000, actor_loss: -337.3267822265625, critic_loss: 47.34316635131836	
timestep: 1095000, actor_loss: -337.8321228027344, critic_loss: 6.648496627807617	
timestep: 1098000, actor_loss: -328.47308349609375, critic_loss: 147.79478454589844	
timestep: 1101000, actor_loss: -332.0040283203125, critic_loss: 74.17582702636719	
timestep: 1104000, actor_loss: -310.0574951171875, critic_loss: 20.051467895507812	
timestep: 1107000, actor_loss: -321.8729553222656, critic_loss: 14.290189743041992	
timestep: 1110000, actor_loss: -323.4569396972656, critic_loss: 12.67719554901123	
timestep: 1113000, actor_loss: -329.65386962890625, critic_loss: 19.790637969970703	
timestep: 1116000, actor_loss: -329.86370849609375, critic_loss: 11.12347412109375	
timestep: 1119000, actor_loss: -312.0120849609375, critic_loss: 184.65406799316406	
timestep: 1122000, actor_loss: -324.4969787597656, critic_loss: 18.29689598083496	
timestep: 1125000, actor_loss: -322.6598815917969, critic_loss: 33.77289962768555	
timestep: 1128000, actor_loss: -335.599853515625, critic_loss: 6.3210978507995605	
timestep: 1131000, actor_loss: -326.15850830078125, critic_loss: 80.62530517578125	
timestep: 1134000, actor_loss: -321.4112854003906, critic_loss: 23.172828674316406	
timestep: 1137000, actor_loss: -326.10546875, critic_loss: 11.253808975219727	
timestep: 1140000, actor_loss: -316.06903076171875, critic_loss: 104.83726501464844	
timestep: 1143000, actor_loss: -332.7627258300781, critic_loss: 11.917462348937988	
timestep: 1146000, actor_loss: -327.66314697265625, critic_loss: 16.785747528076172	
timestep: 1149000, actor_loss: -329.5340881347656, critic_loss: 34.296077728271484	
timestep: 1152000, actor_loss: -331.783203125, critic_loss: 18.82920265197754	
timestep: 1155000, actor_loss: -332.7580261230469, critic_loss: 16.724864959716797	
timestep: 1158000, actor_loss: -326.936767578125, critic_loss: 18.11149787902832	
timestep: 1161000, actor_loss: -352.48187255859375, critic_loss: 996.6798706054688	
timestep: 1164000, actor_loss: -336.6232604980469, critic_loss: 6.988447189331055	
timestep: 1167000, actor_loss: -335.1963806152344, critic_loss: 9.519659042358398	
timestep: 1170000, actor_loss: -336.39447021484375, critic_loss: 10.367311477661133	
timestep: 1173000, actor_loss: -327.557373046875, critic_loss: 16.722230911254883	
timestep: 1176000, actor_loss: -325.6963806152344, critic_loss: 10.436307907104492	
timestep: 1179000, actor_loss: -331.03680419921875, critic_loss: 11.074892044067383	
timestep: 1182000, actor_loss: -317.4224853515625, critic_loss: 16.188213348388672	
timestep: 1185000, actor_loss: -317.4366760253906, critic_loss: 35.840736389160156	
timestep: 1188000, actor_loss: -320.05084228515625, critic_loss: 88.31405639648438	
timestep: 1191000, actor_loss: -314.57843017578125, critic_loss: 122.66580200195312	
timestep: 1194000, actor_loss: -310.2606506347656, critic_loss: 49.440223693847656	
timestep: 1197000, actor_loss: -330.943359375, critic_loss: 172.89112854003906	
timestep: 1200000, actor_loss: -334.2555847167969, critic_loss: 46.715213775634766	
timestep: 1203000, actor_loss: -320.2565612792969, critic_loss: 22.05631446838379	
timestep: 1206000, actor_loss: -336.15234375, critic_loss: 393.2475891113281	
timestep: 1209000, actor_loss: -322.80584716796875, critic_loss: 19.407995223999023	
timestep: 1212000, actor_loss: -322.9442443847656, critic_loss: 18.332740783691406	
timestep: 1215000, actor_loss: -326.441162109375, critic_loss: 9.203605651855469	
timestep: 1218000, actor_loss: -333.187255859375, critic_loss: 42.691898345947266	
timestep: 1221000, actor_loss: -339.5449523925781, critic_loss: 7.890595436096191	
timestep: 1224000, actor_loss: -320.30120849609375, critic_loss: 13.408273696899414	
timestep: 1227000, actor_loss: -318.2440490722656, critic_loss: 12.756622314453125	
timestep: 1230000, actor_loss: -333.6912841796875, critic_loss: 35.24742889404297	
timestep: 1233000, actor_loss: -333.9913330078125, critic_loss: 9.648679733276367	
timestep: 1236000, actor_loss: -335.69189453125, critic_loss: 10.033510208129883	
timestep: 1239000, actor_loss: -333.4383544921875, critic_loss: 12.155089378356934	
timestep: 1242000, actor_loss: -334.210205078125, critic_loss: 16.487333297729492	
timestep: 1245000, actor_loss: -334.392578125, critic_loss: 9.81007194519043	
timestep: 1248000, actor_loss: -354.18341064453125, critic_loss: 9.803916931152344	
timestep: 1251000, actor_loss: -330.7728271484375, critic_loss: 50.01856994628906	
timestep: 1254000, actor_loss: -328.16717529296875, critic_loss: 5.170854091644287	
timestep: 1257000, actor_loss: -336.7171936035156, critic_loss: 6.743033409118652	
timestep: 1260000, actor_loss: -331.45587158203125, critic_loss: 12.71980094909668	
timestep: 1263000, actor_loss: -331.0546875, critic_loss: 287.78900146484375	
timestep: 1266000, actor_loss: -313.7962646484375, critic_loss: 10.32083511352539	
timestep: 1269000, actor_loss: -334.97039794921875, critic_loss: 7.9178948402404785	
timestep: 1272000, actor_loss: -336.3147888183594, critic_loss: 10.998048782348633	
timestep: 1275000, actor_loss: -341.5838317871094, critic_loss: 12.727729797363281	
timestep: 1278000, actor_loss: -336.6864929199219, critic_loss: 5.206647872924805	
timestep: 1281000, actor_loss: -338.82012939453125, critic_loss: 29.297649383544922	
timestep: 1284000, actor_loss: -342.6413269042969, critic_loss: 9.489394187927246	
timestep: 1287000, actor_loss: -335.8785400390625, critic_loss: 16.422086715698242	
timestep: 1290000, actor_loss: -344.5474853515625, critic_loss: 638.2509765625	
timestep: 1293000, actor_loss: -334.96563720703125, critic_loss: 114.68136596679688	
timestep: 1296000, actor_loss: -338.0924072265625, critic_loss: 16.490264892578125	
timestep: 1299000, actor_loss: -339.79925537109375, critic_loss: 25.914371490478516	
timestep: 1302000, actor_loss: -330.70782470703125, critic_loss: 10.132847785949707	
timestep: 1305000, actor_loss: -335.5440673828125, critic_loss: 80.31229400634766	
timestep: 1308000, actor_loss: -334.0977478027344, critic_loss: 28.31056022644043	
timestep: 1311000, actor_loss: -330.72344970703125, critic_loss: 13.222678184509277	
timestep: 1314000, actor_loss: -331.7481689453125, critic_loss: 16.839279174804688	
timestep: 1317000, actor_loss: -331.6051330566406, critic_loss: 841.6885375976562	
timestep: 1320000, actor_loss: -330.57965087890625, critic_loss: 11.939413070678711	
timestep: 1323000, actor_loss: -316.7266540527344, critic_loss: 17.34095001220703	
timestep: 1326000, actor_loss: -333.5971374511719, critic_loss: 133.1744842529297	
timestep: 1329000, actor_loss: -338.244384765625, critic_loss: 29.577892303466797	
timestep: 1332000, actor_loss: -327.12933349609375, critic_loss: 10.610193252563477	
timestep: 1335000, actor_loss: -333.111572265625, critic_loss: 13.055987358093262	
timestep: 1338000, actor_loss: -335.6968994140625, critic_loss: 10.893375396728516	
timestep: 1341000, actor_loss: -337.653076171875, critic_loss: 12.280668258666992	
timestep: 1344000, actor_loss: -338.69024658203125, critic_loss: 6.235414028167725	
timestep: 1347000, actor_loss: -334.2098388671875, critic_loss: 13.795988082885742	
timestep: 1350000, actor_loss: -332.82501220703125, critic_loss: 75.13517761230469	
timestep: 1353000, actor_loss: -331.3759460449219, critic_loss: 23.97911262512207	
timestep: 1356000, actor_loss: -339.4690246582031, critic_loss: 68.83576965332031	
timestep: 1359000, actor_loss: -348.7969055175781, critic_loss: 18.96170997619629	
timestep: 1362000, actor_loss: -346.33880615234375, critic_loss: 10.511844635009766	
timestep: 1365000, actor_loss: -344.20263671875, critic_loss: 103.34046173095703	
timestep: 1368000, actor_loss: -328.05096435546875, critic_loss: 531.8577270507812	
timestep: 1371000, actor_loss: -335.79443359375, critic_loss: 22.06015396118164	
timestep: 1374000, actor_loss: -341.200927734375, critic_loss: 11.242721557617188	
timestep: 1377000, actor_loss: -343.1151123046875, critic_loss: 124.59559631347656	
timestep: 1380000, actor_loss: -348.813720703125, critic_loss: 21.743343353271484	
timestep: 1383000, actor_loss: -342.5244445800781, critic_loss: 19.016582489013672	
timestep: 1386000, actor_loss: -342.19744873046875, critic_loss: 108.64490509033203	
timestep: 1389000, actor_loss: -331.94500732421875, critic_loss: 18.794145584106445	
timestep: 1392000, actor_loss: -348.9910888671875, critic_loss: 11.81701374053955	
timestep: 1395000, actor_loss: -357.2525634765625, critic_loss: 20.572986602783203	
timestep: 1398000, actor_loss: -350.4281005859375, critic_loss: 6.945692539215088	
timestep: 1401000, actor_loss: -323.9365234375, critic_loss: 22.411190032958984	
timestep: 1404000, actor_loss: -348.8128662109375, critic_loss: 23.427452087402344	
timestep: 1407000, actor_loss: -333.0093078613281, critic_loss: 20.143199920654297	
timestep: 1410000, actor_loss: -334.88079833984375, critic_loss: 22.9027099609375	
timestep: 1413000, actor_loss: -331.04180908203125, critic_loss: 36.67146301269531	
timestep: 1416000, actor_loss: -340.4268798828125, critic_loss: 9.514106750488281	
timestep: 1419000, actor_loss: -345.11138916015625, critic_loss: 20.01537322998047	
timestep: 1422000, actor_loss: -353.3602294921875, critic_loss: 7.792938232421875	
timestep: 1425000, actor_loss: -354.87689208984375, critic_loss: 22.648601531982422	
timestep: 1428000, actor_loss: -350.09600830078125, critic_loss: 19.17535972595215	
timestep: 1431000, actor_loss: -347.0780334472656, critic_loss: 142.84173583984375	
timestep: 1434000, actor_loss: -350.422119140625, critic_loss: 47.3909912109375	
timestep: 1437000, actor_loss: -351.7671203613281, critic_loss: 14.771749496459961	
timestep: 1440000, actor_loss: -355.89617919921875, critic_loss: 27.954957962036133	
timestep: 1443000, actor_loss: -340.94610595703125, critic_loss: 35.86316680908203	
timestep: 1446000, actor_loss: -345.9483642578125, critic_loss: 11.024535179138184	
timestep: 1449000, actor_loss: -334.9425964355469, critic_loss: 121.92717742919922	
timestep: 1452000, actor_loss: -344.4988708496094, critic_loss: 12.833545684814453	
timestep: 1455000, actor_loss: -341.8433837890625, critic_loss: 9.263397216796875	
timestep: 1458000, actor_loss: -346.5455627441406, critic_loss: 13.088363647460938	
timestep: 1461000, actor_loss: -334.4887390136719, critic_loss: 66.98622131347656	
timestep: 1464000, actor_loss: -366.1684875488281, critic_loss: 39.21825408935547	
timestep: 1467000, actor_loss: -343.65521240234375, critic_loss: 33.44819641113281	
timestep: 1470000, actor_loss: -354.6781311035156, critic_loss: 600.4310302734375	
timestep: 1473000, actor_loss: -342.89215087890625, critic_loss: 34.69411849975586	
timestep: 1476000, actor_loss: -353.845947265625, critic_loss: 27.430931091308594	
timestep: 1479000, actor_loss: -352.5285949707031, critic_loss: 21.77541732788086	
timestep: 1482000, actor_loss: -347.12835693359375, critic_loss: 32.1710205078125	
timestep: 1485000, actor_loss: -348.2744445800781, critic_loss: 71.97624969482422	
timestep: 1488000, actor_loss: -352.2400817871094, critic_loss: 44.13675308227539	
timestep: 1491000, actor_loss: -347.3866271972656, critic_loss: 13.882196426391602	
timestep: 1494000, actor_loss: -348.998046875, critic_loss: 12.333280563354492	
timestep: 1497000, actor_loss: -350.31732177734375, critic_loss: 11.011056900024414	
timestep: 1500000, actor_loss: -347.63323974609375, critic_loss: 49.609188079833984	
timestep: 1503000, actor_loss: -327.624267578125, critic_loss: 46.50918960571289	
timestep: 1506000, actor_loss: -346.8233642578125, critic_loss: 21.228740692138672	
timestep: 1509000, actor_loss: -347.15960693359375, critic_loss: 9.728038787841797	
timestep: 1512000, actor_loss: -348.8126525878906, critic_loss: 29.213775634765625	
timestep: 1515000, actor_loss: -360.6796569824219, critic_loss: 44.22730255126953	
timestep: 1518000, actor_loss: -339.8165588378906, critic_loss: 45.82814025878906	
timestep: 1521000, actor_loss: -355.687744140625, critic_loss: 21.8627872467041	
timestep: 1524000, actor_loss: -353.68035888671875, critic_loss: 16.892683029174805	
timestep: 1527000, actor_loss: -352.81640625, critic_loss: 255.51913452148438	
timestep: 1530000, actor_loss: -350.228515625, critic_loss: 89.95208740234375	
timestep: 1533000, actor_loss: -345.85504150390625, critic_loss: 234.886962890625	
timestep: 1536000, actor_loss: -334.0135498046875, critic_loss: 12.491349220275879	
timestep: 1539000, actor_loss: -351.24835205078125, critic_loss: 20.745441436767578	
timestep: 1542000, actor_loss: -347.8984680175781, critic_loss: 274.5924987792969	
timestep: 1545000, actor_loss: -355.4522705078125, critic_loss: 18.009923934936523	
timestep: 1548000, actor_loss: -357.35137939453125, critic_loss: 15.02632999420166	
timestep: 1551000, actor_loss: -364.3399963378906, critic_loss: 14.800370216369629	
timestep: 1554000, actor_loss: -357.09466552734375, critic_loss: 17.0042781829834	
timestep: 1557000, actor_loss: -360.3011474609375, critic_loss: 14.185927391052246	
timestep: 1560000, actor_loss: -357.2650146484375, critic_loss: 24.83779525756836	
timestep: 1563000, actor_loss: -356.9948425292969, critic_loss: 13.462539672851562	
timestep: 1566000, actor_loss: -344.24261474609375, critic_loss: 80.7799301147461	
timestep: 1569000, actor_loss: -356.8033142089844, critic_loss: 15.31993293762207	
timestep: 1572000, actor_loss: -350.8238220214844, critic_loss: 21.19434356689453	
timestep: 1575000, actor_loss: -346.40740966796875, critic_loss: 55.48950958251953	
timestep: 1578000, actor_loss: -337.9074401855469, critic_loss: 392.34033203125	
timestep: 1581000, actor_loss: -343.50634765625, critic_loss: 13.904241561889648	
timestep: 1584000, actor_loss: -347.2920837402344, critic_loss: 17.200292587280273	
timestep: 1587000, actor_loss: -347.84210205078125, critic_loss: 19.72672462463379	
timestep: 1590000, actor_loss: -346.751708984375, critic_loss: 14.956302642822266	
timestep: 1593000, actor_loss: -347.6250915527344, critic_loss: 11.367533683776855	
timestep: 1596000, actor_loss: -352.7812194824219, critic_loss: 39.19631576538086	
timestep: 1599000, actor_loss: -348.0577697753906, critic_loss: 13.604639053344727	
timestep: 1602000, actor_loss: -362.4198913574219, critic_loss: 12.864147186279297	
timestep: 1605000, actor_loss: -345.58160400390625, critic_loss: 245.64175415039062	
timestep: 1608000, actor_loss: -356.9010009765625, critic_loss: 1205.2255859375	
timestep: 1611000, actor_loss: -363.39300537109375, critic_loss: 16.283733367919922	
timestep: 1614000, actor_loss: -353.1491394042969, critic_loss: 9.457326889038086	
timestep: 1617000, actor_loss: -355.73565673828125, critic_loss: 21.583972930908203	
timestep: 1620000, actor_loss: -355.54327392578125, critic_loss: 107.0276870727539	
timestep: 1623000, actor_loss: -346.36669921875, critic_loss: 17.234813690185547	
timestep: 1626000, actor_loss: -351.36572265625, critic_loss: 28.004230499267578	
timestep: 1629000, actor_loss: -351.12115478515625, critic_loss: 147.0716094970703	
timestep: 1632000, actor_loss: -344.9198303222656, critic_loss: 17.86932373046875	
timestep: 1635000, actor_loss: -340.7693786621094, critic_loss: 22.978126525878906	
timestep: 1638000, actor_loss: -362.3452453613281, critic_loss: 17.764835357666016	
timestep: 1641000, actor_loss: -370.99163818359375, critic_loss: 386.5581359863281	
timestep: 1644000, actor_loss: -366.1385498046875, critic_loss: 17.957056045532227	
timestep: 1647000, actor_loss: -347.21087646484375, critic_loss: 28.281780242919922	
timestep: 1650000, actor_loss: -334.8199462890625, critic_loss: 10.401412963867188	
timestep: 1653000, actor_loss: -359.6004638671875, critic_loss: 10.314044952392578	
timestep: 1656000, actor_loss: -356.89581298828125, critic_loss: 47.081687927246094	
timestep: 1659000, actor_loss: -346.655517578125, critic_loss: 10.762290954589844	
timestep: 1662000, actor_loss: -351.5726318359375, critic_loss: 20.330795288085938	
timestep: 1665000, actor_loss: -357.5826416015625, critic_loss: 7.534365177154541	
timestep: 1668000, actor_loss: -367.10565185546875, critic_loss: 10.430620193481445	
timestep: 1671000, actor_loss: -361.5359191894531, critic_loss: 13.590553283691406	
timestep: 1674000, actor_loss: -364.0106201171875, critic_loss: 17.11309814453125	
timestep: 1677000, actor_loss: -355.2169189453125, critic_loss: 55.560821533203125	
timestep: 1680000, actor_loss: -350.88409423828125, critic_loss: 9.430830001831055	
timestep: 1683000, actor_loss: -353.23199462890625, critic_loss: 17.75136947631836	
timestep: 1686000, actor_loss: -353.844482421875, critic_loss: 18.96786117553711	
timestep: 1689000, actor_loss: -349.5581970214844, critic_loss: 11.975628852844238	
timestep: 1692000, actor_loss: -359.31695556640625, critic_loss: 26.630985260009766	
timestep: 1695000, actor_loss: -359.6199035644531, critic_loss: 29.961891174316406	
timestep: 1698000, actor_loss: -348.3610534667969, critic_loss: 26.58469581604004	
timestep: 1701000, actor_loss: -351.761962890625, critic_loss: 70.09231567382812	
timestep: 1704000, actor_loss: -347.56182861328125, critic_loss: 20.65140151977539	
timestep: 1707000, actor_loss: -344.57879638671875, critic_loss: 16.60639190673828	
timestep: 1710000, actor_loss: -353.838134765625, critic_loss: 537.9863891601562	
timestep: 1713000, actor_loss: -357.60296630859375, critic_loss: 13.791131973266602	
timestep: 1716000, actor_loss: -371.1812744140625, critic_loss: 12.069543838500977	
timestep: 1719000, actor_loss: -350.5305480957031, critic_loss: 23.060768127441406	
timestep: 1722000, actor_loss: -342.832763671875, critic_loss: 19.7037353515625	
timestep: 1725000, actor_loss: -354.87432861328125, critic_loss: 33.253578186035156	
timestep: 1728000, actor_loss: -362.4273681640625, critic_loss: 53.24113082885742	
timestep: 1731000, actor_loss: -359.4153137207031, critic_loss: 11.165523529052734	
timestep: 1734000, actor_loss: -357.10577392578125, critic_loss: 12.084868431091309	
timestep: 1737000, actor_loss: -348.2694091796875, critic_loss: 24.012285232543945	
timestep: 1740000, actor_loss: -353.53485107421875, critic_loss: 26.664960861206055	
timestep: 1743000, actor_loss: -364.13836669921875, critic_loss: 31.920888900756836	
timestep: 1746000, actor_loss: -360.91595458984375, critic_loss: 12.109671592712402	
timestep: 1749000, actor_loss: -363.5455322265625, critic_loss: 23.590015411376953	
timestep: 1752000, actor_loss: -356.667724609375, critic_loss: 14.35075569152832	
timestep: 1755000, actor_loss: -369.37310791015625, critic_loss: 24.211294174194336	
timestep: 1758000, actor_loss: -342.8500671386719, critic_loss: 29.21744728088379	
timestep: 1761000, actor_loss: -346.1566162109375, critic_loss: 16.016530990600586	
timestep: 1764000, actor_loss: -347.60284423828125, critic_loss: 42.435211181640625	
timestep: 1767000, actor_loss: -354.21441650390625, critic_loss: 22.027366638183594	
timestep: 1770000, actor_loss: -338.1585693359375, critic_loss: 19.452392578125	
timestep: 1773000, actor_loss: -355.0170593261719, critic_loss: 38.40559005737305	
timestep: 1776000, actor_loss: -369.4110107421875, critic_loss: 33.82662582397461	
timestep: 1779000, actor_loss: -347.1697692871094, critic_loss: 26.215909957885742	
timestep: 1782000, actor_loss: -354.7117614746094, critic_loss: 22.717220306396484	
timestep: 1785000, actor_loss: -353.831787109375, critic_loss: 20.030628204345703	
timestep: 1788000, actor_loss: -371.2039794921875, critic_loss: 37.485694885253906	
timestep: 1791000, actor_loss: -340.3017883300781, critic_loss: 73.98097229003906	
timestep: 1794000, actor_loss: -363.7183837890625, critic_loss: 28.940332412719727	
timestep: 1797000, actor_loss: -374.3551330566406, critic_loss: 23.274585723876953	
timestep: 1800000, actor_loss: -362.88677978515625, critic_loss: 12.459827423095703	
timestep: 1803000, actor_loss: -349.71185302734375, critic_loss: 16.68354034423828	
timestep: 1806000, actor_loss: -365.12054443359375, critic_loss: 7.840423583984375	
timestep: 1809000, actor_loss: -352.5728454589844, critic_loss: 132.6577911376953	
timestep: 1812000, actor_loss: -374.6722412109375, critic_loss: 181.4160614013672	
timestep: 1815000, actor_loss: -358.5675048828125, critic_loss: 17.970123291015625	
timestep: 1818000, actor_loss: -370.3582458496094, critic_loss: 20.30692481994629	
timestep: 1821000, actor_loss: -349.7678527832031, critic_loss: 35.07701873779297	
timestep: 1824000, actor_loss: -361.7800598144531, critic_loss: 21.580360412597656	
timestep: 1827000, actor_loss: -359.773193359375, critic_loss: 26.306499481201172	
timestep: 1830000, actor_loss: -337.229736328125, critic_loss: 148.68565368652344	
timestep: 1833000, actor_loss: -370.6252136230469, critic_loss: 12.200176239013672	
timestep: 1836000, actor_loss: -357.2115783691406, critic_loss: 10.393054962158203	
timestep: 1839000, actor_loss: -356.6186828613281, critic_loss: 19.169506072998047	
timestep: 1842000, actor_loss: -359.57232666015625, critic_loss: 26.98343276977539	
timestep: 1845000, actor_loss: -372.77337646484375, critic_loss: 63.57207489013672	
timestep: 1848000, actor_loss: -360.4827575683594, critic_loss: 11.684195518493652	
timestep: 1851000, actor_loss: -360.44677734375, critic_loss: 21.786460876464844	
timestep: 1854000, actor_loss: -367.1326904296875, critic_loss: 89.71797180175781	
timestep: 1857000, actor_loss: -362.35662841796875, critic_loss: 21.92029571533203	
timestep: 1860000, actor_loss: -380.9118957519531, critic_loss: 16.38357162475586	
timestep: 1863000, actor_loss: -375.67919921875, critic_loss: 13.032374382019043	
timestep: 1866000, actor_loss: -359.68701171875, critic_loss: 29.027360916137695	
timestep: 1869000, actor_loss: -367.80865478515625, critic_loss: 26.92432975769043	
timestep: 1872000, actor_loss: -369.5545654296875, critic_loss: 20.96326446533203	
timestep: 1875000, actor_loss: -360.7759094238281, critic_loss: 47.323204040527344	
timestep: 1878000, actor_loss: -363.09613037109375, critic_loss: 13.087468147277832	
timestep: 1881000, actor_loss: -377.7080078125, critic_loss: 17.88829231262207	
timestep: 1884000, actor_loss: -353.6808166503906, critic_loss: 64.71532440185547	
timestep: 1887000, actor_loss: -364.44805908203125, critic_loss: 13.492753982543945	
timestep: 1890000, actor_loss: -365.95318603515625, critic_loss: 19.55300521850586	
timestep: 1893000, actor_loss: -366.95806884765625, critic_loss: 45.474952697753906	
timestep: 1896000, actor_loss: -364.25933837890625, critic_loss: 96.45570373535156	
timestep: 1899000, actor_loss: -356.0986328125, critic_loss: 22.063800811767578	
timestep: 1902000, actor_loss: -358.7351379394531, critic_loss: 24.646312713623047	
timestep: 1905000, actor_loss: -375.923828125, critic_loss: 48.60618591308594	
timestep: 1908000, actor_loss: -361.49041748046875, critic_loss: 16.467403411865234	
timestep: 1911000, actor_loss: -355.1078796386719, critic_loss: 20.66630744934082	
timestep: 1914000, actor_loss: -359.455810546875, critic_loss: 25.5181941986084	
timestep: 1917000, actor_loss: -372.7122802734375, critic_loss: 31.161455154418945	
timestep: 1920000, actor_loss: -367.9688415527344, critic_loss: 36.38452911376953	
timestep: 1923000, actor_loss: -362.3985900878906, critic_loss: 12.523111343383789	
timestep: 1926000, actor_loss: -345.52423095703125, critic_loss: 406.2783508300781	
timestep: 1929000, actor_loss: -363.9674072265625, critic_loss: 39.87144088745117	
timestep: 1932000, actor_loss: -369.068359375, critic_loss: 64.13447570800781	
timestep: 1935000, actor_loss: -369.78216552734375, critic_loss: 29.76193618774414	
timestep: 1938000, actor_loss: -363.1897888183594, critic_loss: 13.781488418579102	
timestep: 1941000, actor_loss: -348.7065734863281, critic_loss: 15.479090690612793	
timestep: 1944000, actor_loss: -363.62347412109375, critic_loss: 934.8408813476562	
timestep: 1947000, actor_loss: -377.5509948730469, critic_loss: 19.286876678466797	
timestep: 1950000, actor_loss: -365.118896484375, critic_loss: 42.79299545288086	
timestep: 1953000, actor_loss: -348.38824462890625, critic_loss: 24.605588912963867	
timestep: 1956000, actor_loss: -357.5738525390625, critic_loss: 27.580278396606445	
timestep: 1959000, actor_loss: -377.0970458984375, critic_loss: 27.273944854736328	
timestep: 1962000, actor_loss: -361.02264404296875, critic_loss: 17.67144775390625	
timestep: 1965000, actor_loss: -364.6601257324219, critic_loss: 44.108402252197266	
timestep: 1968000, actor_loss: -373.0340270996094, critic_loss: 147.9767303466797	
timestep: 1971000, actor_loss: -367.77154541015625, critic_loss: 16.68446922302246	
timestep: 1974000, actor_loss: -375.24737548828125, critic_loss: 29.019962310791016	
timestep: 1977000, actor_loss: -364.2641906738281, critic_loss: 19.56045150756836	
timestep: 1980000, actor_loss: -375.26507568359375, critic_loss: 13.869913101196289	
timestep: 1983000, actor_loss: -377.36260986328125, critic_loss: 72.91162872314453	
timestep: 1986000, actor_loss: -362.79327392578125, critic_loss: 19.124019622802734	
timestep: 1989000, actor_loss: -364.4963073730469, critic_loss: 25.64486312866211	
timestep: 1992000, actor_loss: -378.34844970703125, critic_loss: 38.292388916015625	
timestep: 1995000, actor_loss: -359.91302490234375, critic_loss: 23.941619873046875	
timestep: 1998000, actor_loss: -377.7417907714844, critic_loss: 11.37640380859375	
