timestep: 6000, actor_loss: -3.748040199279785, critic_loss: 0.08146843314170837	
timestep: 9000, actor_loss: -14.664308547973633, critic_loss: 0.7486501336097717	
timestep: 12000, actor_loss: -23.152694702148438, critic_loss: 0.6866815686225891	
timestep: 15000, actor_loss: -34.798377990722656, critic_loss: 1.1322081089019775	
timestep: 18000, actor_loss: -49.5117073059082, critic_loss: 13.99120044708252	
timestep: 21000, actor_loss: -64.38505554199219, critic_loss: 1.3321943283081055	
timestep: 24000, actor_loss: -79.58097839355469, critic_loss: 12.117870330810547	
timestep: 27000, actor_loss: -103.76341247558594, critic_loss: 31.75707244873047	
timestep: 30000, actor_loss: -128.70364379882812, critic_loss: 12.01551342010498	
timestep: 33000, actor_loss: -143.20712280273438, critic_loss: 118.98535919189453	
timestep: 36000, actor_loss: -155.96490478515625, critic_loss: 7.9245171546936035	
timestep: 39000, actor_loss: -178.62286376953125, critic_loss: 23.496200561523438	
timestep: 42000, actor_loss: -179.77243041992188, critic_loss: 10.286962509155273	
timestep: 45000, actor_loss: -183.92373657226562, critic_loss: 156.51416015625	
timestep: 48000, actor_loss: -196.0201873779297, critic_loss: 15.152441024780273	
timestep: 51000, actor_loss: -203.91275024414062, critic_loss: 32.57585144042969	
timestep: 54000, actor_loss: -220.6565399169922, critic_loss: 23.400142669677734	
timestep: 57000, actor_loss: -231.12847900390625, critic_loss: 45.58972930908203	
timestep: 60000, actor_loss: -227.76095581054688, critic_loss: 127.66024780273438	
timestep: 63000, actor_loss: -226.63525390625, critic_loss: 509.9892272949219	
timestep: 66000, actor_loss: -237.00433349609375, critic_loss: 46.055625915527344	
timestep: 69000, actor_loss: -241.96788024902344, critic_loss: 76.64811706542969	
timestep: 72000, actor_loss: -277.6336669921875, critic_loss: 37.75563049316406	
timestep: 75000, actor_loss: -277.2258605957031, critic_loss: 39.571067810058594	
timestep: 78000, actor_loss: -294.23486328125, critic_loss: 99.59188842773438	
timestep: 81000, actor_loss: -284.7037658691406, critic_loss: 44.56532287597656	
timestep: 84000, actor_loss: -312.51483154296875, critic_loss: 36.1285400390625	
timestep: 87000, actor_loss: -338.9608154296875, critic_loss: 48.313636779785156	
timestep: 90000, actor_loss: -335.96197509765625, critic_loss: 73.97698211669922	
timestep: 93000, actor_loss: -339.87493896484375, critic_loss: 84.904296875	
timestep: 96000, actor_loss: -350.1883239746094, critic_loss: 79.39131164550781	
timestep: 99000, actor_loss: -349.647705078125, critic_loss: 45.34527587890625	
timestep: 102000, actor_loss: -321.537841796875, critic_loss: 94.12715148925781	
timestep: 105000, actor_loss: -299.00677490234375, critic_loss: 40.245567321777344	
timestep: 108000, actor_loss: -319.25762939453125, critic_loss: 49.64213180541992	
timestep: 111000, actor_loss: -317.987548828125, critic_loss: 36.68970489501953	
timestep: 114000, actor_loss: -338.35089111328125, critic_loss: 135.72715759277344	
timestep: 117000, actor_loss: -310.43505859375, critic_loss: 97.56897735595703	
timestep: 120000, actor_loss: -339.23541259765625, critic_loss: 124.90548706054688	
timestep: 123000, actor_loss: -343.29449462890625, critic_loss: 27.081758499145508	
timestep: 126000, actor_loss: -340.2580871582031, critic_loss: 79.04853820800781	
timestep: 129000, actor_loss: -331.329345703125, critic_loss: 59.40678024291992	
timestep: 132000, actor_loss: -331.0192565917969, critic_loss: 73.42569732666016	
timestep: 135000, actor_loss: -330.24896240234375, critic_loss: 29.727340698242188	
timestep: 138000, actor_loss: -342.9591369628906, critic_loss: 63.06338882446289	
timestep: 141000, actor_loss: -340.81964111328125, critic_loss: 49.376953125	
timestep: 144000, actor_loss: -335.0292053222656, critic_loss: 25.689971923828125	
timestep: 147000, actor_loss: -365.430908203125, critic_loss: 58.24103927612305	
timestep: 150000, actor_loss: -348.10302734375, critic_loss: 33.24634552001953	
timestep: 153000, actor_loss: -340.29998779296875, critic_loss: 23.51907730102539	
timestep: 156000, actor_loss: -332.532470703125, critic_loss: 131.3350067138672	
timestep: 159000, actor_loss: -320.5564880371094, critic_loss: 60.831146240234375	
timestep: 162000, actor_loss: -339.9731140136719, critic_loss: 52.171165466308594	
timestep: 165000, actor_loss: -334.26861572265625, critic_loss: 42.59219741821289	
timestep: 168000, actor_loss: -326.72027587890625, critic_loss: 27.503215789794922	
timestep: 171000, actor_loss: -314.47283935546875, critic_loss: 38.007057189941406	
timestep: 174000, actor_loss: -330.64068603515625, critic_loss: 14.65202808380127	
timestep: 177000, actor_loss: -319.08514404296875, critic_loss: 130.7600860595703	
timestep: 180000, actor_loss: -331.54736328125, critic_loss: 411.55078125	
timestep: 183000, actor_loss: -333.491455078125, critic_loss: 33.16416931152344	
timestep: 186000, actor_loss: -298.40423583984375, critic_loss: 59.23487854003906	
timestep: 189000, actor_loss: -323.51104736328125, critic_loss: 188.3309326171875	
timestep: 192000, actor_loss: -313.379638671875, critic_loss: 82.93073272705078	
timestep: 195000, actor_loss: -317.75213623046875, critic_loss: 26.572107315063477	
timestep: 198000, actor_loss: -323.59722900390625, critic_loss: 29.908885955810547	
timestep: 201000, actor_loss: -318.88934326171875, critic_loss: 17.6763916015625	
timestep: 204000, actor_loss: -319.10015869140625, critic_loss: 18.988100051879883	
timestep: 207000, actor_loss: -329.9073486328125, critic_loss: 16.928848266601562	
timestep: 210000, actor_loss: -319.4530334472656, critic_loss: 24.071544647216797	
timestep: 213000, actor_loss: -325.6327209472656, critic_loss: 58.412757873535156	
timestep: 216000, actor_loss: -329.5975341796875, critic_loss: 41.56365203857422	
timestep: 219000, actor_loss: -337.1753845214844, critic_loss: 25.73600959777832	
timestep: 222000, actor_loss: -315.05548095703125, critic_loss: 22.078983306884766	
timestep: 225000, actor_loss: -311.08795166015625, critic_loss: 30.242191314697266	
timestep: 228000, actor_loss: -321.05706787109375, critic_loss: 62.62077331542969	
timestep: 231000, actor_loss: -312.4815368652344, critic_loss: 75.16703796386719	
timestep: 234000, actor_loss: -329.6624755859375, critic_loss: 805.3938598632812	
timestep: 237000, actor_loss: -323.8514709472656, critic_loss: 23.891502380371094	
timestep: 240000, actor_loss: -334.78546142578125, critic_loss: 58.02449035644531	
timestep: 243000, actor_loss: -324.0247497558594, critic_loss: 43.66525650024414	
timestep: 246000, actor_loss: -329.34429931640625, critic_loss: 15.735458374023438	
timestep: 249000, actor_loss: -319.678466796875, critic_loss: 29.204872131347656	
timestep: 252000, actor_loss: -325.16943359375, critic_loss: 32.3663330078125	
timestep: 255000, actor_loss: -333.5668640136719, critic_loss: 46.666175842285156	
timestep: 258000, actor_loss: -321.5294189453125, critic_loss: 20.014934539794922	
timestep: 261000, actor_loss: -336.0954895019531, critic_loss: 252.8508758544922	
timestep: 264000, actor_loss: -331.7745361328125, critic_loss: 164.719970703125	
timestep: 267000, actor_loss: -325.5000305175781, critic_loss: 42.403202056884766	
timestep: 270000, actor_loss: -319.839599609375, critic_loss: 44.1321907043457	
timestep: 273000, actor_loss: -325.24578857421875, critic_loss: 40.16402816772461	
timestep: 276000, actor_loss: -338.6031494140625, critic_loss: 43.857261657714844	
timestep: 279000, actor_loss: -340.4422912597656, critic_loss: 37.03203201293945	
timestep: 282000, actor_loss: -330.76934814453125, critic_loss: 41.734928131103516	
timestep: 285000, actor_loss: -328.3547058105469, critic_loss: 25.305694580078125	
timestep: 288000, actor_loss: -334.3511962890625, critic_loss: 35.08317565917969	
timestep: 291000, actor_loss: -320.49859619140625, critic_loss: 32.06121826171875	
timestep: 294000, actor_loss: -322.52008056640625, critic_loss: 26.390201568603516	
timestep: 297000, actor_loss: -313.4542541503906, critic_loss: 25.33836555480957	
timestep: 300000, actor_loss: -323.75164794921875, critic_loss: 97.51396179199219	
timestep: 303000, actor_loss: -324.42529296875, critic_loss: 16.927705764770508	
timestep: 306000, actor_loss: -308.7679443359375, critic_loss: 55.25812911987305	
timestep: 309000, actor_loss: -319.0080261230469, critic_loss: 32.479530334472656	
timestep: 312000, actor_loss: -324.16064453125, critic_loss: 40.178245544433594	
timestep: 315000, actor_loss: -330.01727294921875, critic_loss: 79.83621215820312	
timestep: 318000, actor_loss: -324.21051025390625, critic_loss: 28.350460052490234	
timestep: 321000, actor_loss: -315.2154846191406, critic_loss: 20.10065460205078	
timestep: 324000, actor_loss: -319.4971008300781, critic_loss: 151.75784301757812	
timestep: 327000, actor_loss: -327.34075927734375, critic_loss: 45.640140533447266	
timestep: 330000, actor_loss: -315.1822509765625, critic_loss: 28.007755279541016	
timestep: 333000, actor_loss: -320.3658142089844, critic_loss: 20.56672477722168	
timestep: 336000, actor_loss: -329.1324157714844, critic_loss: 38.27243423461914	
timestep: 339000, actor_loss: -328.98486328125, critic_loss: 23.805469512939453	
timestep: 342000, actor_loss: -327.3028869628906, critic_loss: 55.947425842285156	
timestep: 345000, actor_loss: -334.7674560546875, critic_loss: 34.14514923095703	
timestep: 348000, actor_loss: -338.12457275390625, critic_loss: 115.38495635986328	
timestep: 351000, actor_loss: -352.855224609375, critic_loss: 198.9247589111328	
timestep: 354000, actor_loss: -343.78948974609375, critic_loss: 43.44113540649414	
timestep: 357000, actor_loss: -338.17413330078125, critic_loss: 58.419612884521484	
timestep: 360000, actor_loss: -334.4322509765625, critic_loss: 30.530447006225586	
timestep: 363000, actor_loss: -348.14776611328125, critic_loss: 37.4991340637207	
timestep: 366000, actor_loss: -350.5911560058594, critic_loss: 530.6309814453125	
timestep: 369000, actor_loss: -342.423583984375, critic_loss: 39.20939254760742	
timestep: 372000, actor_loss: -330.03668212890625, critic_loss: 273.727294921875	
timestep: 375000, actor_loss: -342.6458740234375, critic_loss: 41.557254791259766	
timestep: 378000, actor_loss: -348.1911315917969, critic_loss: 27.725515365600586	
timestep: 381000, actor_loss: -367.80181884765625, critic_loss: 23.083232879638672	
timestep: 384000, actor_loss: -346.8162536621094, critic_loss: 26.59975814819336	
timestep: 387000, actor_loss: -346.54132080078125, critic_loss: 34.83695983886719	
timestep: 390000, actor_loss: -356.6189880371094, critic_loss: 17.948863983154297	
timestep: 393000, actor_loss: -352.8060607910156, critic_loss: 13.743758201599121	
timestep: 396000, actor_loss: -335.572021484375, critic_loss: 36.64286804199219	
timestep: 399000, actor_loss: -358.98895263671875, critic_loss: 84.5821533203125	
timestep: 402000, actor_loss: -345.9039306640625, critic_loss: 43.60479736328125	
timestep: 405000, actor_loss: -367.25823974609375, critic_loss: 92.48680114746094	
timestep: 408000, actor_loss: -368.4250793457031, critic_loss: 47.454994201660156	
timestep: 411000, actor_loss: -364.7996826171875, critic_loss: 53.62569046020508	
timestep: 414000, actor_loss: -354.7729797363281, critic_loss: 32.220394134521484	
timestep: 417000, actor_loss: -364.40765380859375, critic_loss: 76.34065246582031	
timestep: 420000, actor_loss: -368.544189453125, critic_loss: 95.33290100097656	
timestep: 423000, actor_loss: -348.5843200683594, critic_loss: 98.00133514404297	
timestep: 426000, actor_loss: -343.78729248046875, critic_loss: 59.57178497314453	
timestep: 429000, actor_loss: -364.17144775390625, critic_loss: 68.59364318847656	
timestep: 432000, actor_loss: -346.67620849609375, critic_loss: 134.91294860839844	
timestep: 435000, actor_loss: -358.1514587402344, critic_loss: 277.545166015625	
timestep: 438000, actor_loss: -343.20184326171875, critic_loss: 33.14907455444336	
timestep: 441000, actor_loss: -337.144287109375, critic_loss: 50.39275360107422	
timestep: 444000, actor_loss: -346.92254638671875, critic_loss: 376.5254211425781	
timestep: 447000, actor_loss: -351.0356140136719, critic_loss: 499.5411071777344	
timestep: 450000, actor_loss: -340.0556640625, critic_loss: 33.43901062011719	
timestep: 453000, actor_loss: -339.49395751953125, critic_loss: 22.519466400146484	
timestep: 456000, actor_loss: -341.0587463378906, critic_loss: 22.7701473236084	
timestep: 459000, actor_loss: -331.77532958984375, critic_loss: 21.254047393798828	
timestep: 462000, actor_loss: -339.350830078125, critic_loss: 32.24713134765625	
timestep: 465000, actor_loss: -329.0286560058594, critic_loss: 28.8341007232666	
timestep: 468000, actor_loss: -338.7437744140625, critic_loss: 102.50450897216797	
timestep: 471000, actor_loss: -342.573974609375, critic_loss: 70.79975891113281	
timestep: 474000, actor_loss: -340.35882568359375, critic_loss: 93.75048828125	
timestep: 477000, actor_loss: -344.88665771484375, critic_loss: 71.51669311523438	
timestep: 480000, actor_loss: -341.5021667480469, critic_loss: 35.72734069824219	
timestep: 483000, actor_loss: -349.2859191894531, critic_loss: 33.482784271240234	
timestep: 486000, actor_loss: -347.4522705078125, critic_loss: 72.29423522949219	
timestep: 489000, actor_loss: -325.5151062011719, critic_loss: 118.28467559814453	
timestep: 492000, actor_loss: -338.3037109375, critic_loss: 33.07575988769531	
timestep: 495000, actor_loss: -339.6980285644531, critic_loss: 34.77098846435547	
timestep: 498000, actor_loss: -313.9046630859375, critic_loss: 50.03334045410156	
timestep: 501000, actor_loss: -335.94927978515625, critic_loss: 32.80193328857422	
timestep: 504000, actor_loss: -342.3746337890625, critic_loss: 32.23717498779297	
timestep: 507000, actor_loss: -333.6067199707031, critic_loss: 15.40900993347168	
timestep: 510000, actor_loss: -323.81292724609375, critic_loss: 29.153444290161133	
timestep: 513000, actor_loss: -331.98406982421875, critic_loss: 32.368377685546875	
timestep: 516000, actor_loss: -336.6378173828125, critic_loss: 1275.0361328125	
timestep: 519000, actor_loss: -325.76837158203125, critic_loss: 37.17817306518555	
timestep: 522000, actor_loss: -331.7291259765625, critic_loss: 37.21614074707031	
timestep: 525000, actor_loss: -323.6811828613281, critic_loss: 62.383506774902344	
timestep: 528000, actor_loss: -318.8533935546875, critic_loss: 28.928325653076172	
timestep: 531000, actor_loss: -338.5124816894531, critic_loss: 59.78117752075195	
timestep: 534000, actor_loss: -334.031494140625, critic_loss: 28.95404052734375	
timestep: 537000, actor_loss: -340.76751708984375, critic_loss: 28.451995849609375	
timestep: 540000, actor_loss: -344.72833251953125, critic_loss: 59.50830078125	
timestep: 543000, actor_loss: -342.60400390625, critic_loss: 37.07354736328125	
timestep: 546000, actor_loss: -341.8443298339844, critic_loss: 58.095947265625	
timestep: 549000, actor_loss: -340.87872314453125, critic_loss: 126.30659484863281	
timestep: 552000, actor_loss: -359.34478759765625, critic_loss: 121.94607543945312	
timestep: 555000, actor_loss: -367.3722229003906, critic_loss: 216.48892211914062	
timestep: 558000, actor_loss: -385.5049133300781, critic_loss: 44.14400863647461	
timestep: 561000, actor_loss: -379.942626953125, critic_loss: 105.62486267089844	
timestep: 564000, actor_loss: -404.04241943359375, critic_loss: 61.97031021118164	
timestep: 567000, actor_loss: -414.94256591796875, critic_loss: 46.07630920410156	
timestep: 570000, actor_loss: -414.68634033203125, critic_loss: 63.696258544921875	
timestep: 573000, actor_loss: -411.02178955078125, critic_loss: 80.39590454101562	
timestep: 576000, actor_loss: -402.96051025390625, critic_loss: 74.28889465332031	
timestep: 579000, actor_loss: -425.9806213378906, critic_loss: 96.56187438964844	
timestep: 582000, actor_loss: -423.13897705078125, critic_loss: 55.22002029418945	
timestep: 585000, actor_loss: -409.2451171875, critic_loss: 98.37451171875	
timestep: 588000, actor_loss: -401.4145812988281, critic_loss: 452.07440185546875	
timestep: 591000, actor_loss: -396.1729736328125, critic_loss: 56.370849609375	
timestep: 594000, actor_loss: -404.52301025390625, critic_loss: 27.539730072021484	
timestep: 597000, actor_loss: -398.55718994140625, critic_loss: 119.0923843383789	
timestep: 600000, actor_loss: -384.8372497558594, critic_loss: 120.8848876953125	
timestep: 603000, actor_loss: -399.67047119140625, critic_loss: 131.01022338867188	
timestep: 606000, actor_loss: -402.11968994140625, critic_loss: 86.14213562011719	
timestep: 609000, actor_loss: -358.4450378417969, critic_loss: 29.93416976928711	
timestep: 612000, actor_loss: -380.3493957519531, critic_loss: 45.678340911865234	
timestep: 615000, actor_loss: -371.9397888183594, critic_loss: 50.8812370300293	
timestep: 618000, actor_loss: -363.82110595703125, critic_loss: 64.67237854003906	
timestep: 621000, actor_loss: -353.75091552734375, critic_loss: 18.707653045654297	
timestep: 624000, actor_loss: -361.8060607910156, critic_loss: 189.6647491455078	
timestep: 627000, actor_loss: -354.4281921386719, critic_loss: 32.90260314941406	
timestep: 630000, actor_loss: -361.7493896484375, critic_loss: 51.940216064453125	
timestep: 633000, actor_loss: -334.59857177734375, critic_loss: 15.720926284790039	
timestep: 636000, actor_loss: -348.49908447265625, critic_loss: 13.426132202148438	
timestep: 639000, actor_loss: -331.4424133300781, critic_loss: 62.5660285949707	
timestep: 642000, actor_loss: -338.87091064453125, critic_loss: 132.2815704345703	
timestep: 645000, actor_loss: -358.8273010253906, critic_loss: 32.43421173095703	
timestep: 648000, actor_loss: -337.7239074707031, critic_loss: 28.838781356811523	
timestep: 651000, actor_loss: -346.5538024902344, critic_loss: 20.85130500793457	
timestep: 654000, actor_loss: -334.145263671875, critic_loss: 688.4647827148438	
timestep: 657000, actor_loss: -333.6695251464844, critic_loss: 18.5902099609375	
timestep: 660000, actor_loss: -327.618408203125, critic_loss: 37.697181701660156	
timestep: 663000, actor_loss: -343.01226806640625, critic_loss: 65.70746612548828	
timestep: 666000, actor_loss: -329.59765625, critic_loss: 192.36231994628906	
timestep: 669000, actor_loss: -324.5413818359375, critic_loss: 31.241535186767578	
timestep: 672000, actor_loss: -328.23541259765625, critic_loss: 72.8165054321289	
timestep: 675000, actor_loss: -338.08734130859375, critic_loss: 15.58352279663086	
timestep: 678000, actor_loss: -342.4410400390625, critic_loss: 11.685924530029297	
timestep: 681000, actor_loss: -315.4597473144531, critic_loss: 30.033390045166016	
timestep: 684000, actor_loss: -317.23370361328125, critic_loss: 121.91637420654297	
timestep: 687000, actor_loss: -335.75408935546875, critic_loss: 16.53158187866211	
timestep: 690000, actor_loss: -333.03399658203125, critic_loss: 21.50861358642578	
timestep: 693000, actor_loss: -336.5402526855469, critic_loss: 26.912883758544922	
timestep: 696000, actor_loss: -322.132080078125, critic_loss: 42.27788162231445	
timestep: 699000, actor_loss: -331.56494140625, critic_loss: 18.311412811279297	
timestep: 702000, actor_loss: -325.7557067871094, critic_loss: 44.535911560058594	
timestep: 705000, actor_loss: -332.83966064453125, critic_loss: 26.683828353881836	
timestep: 708000, actor_loss: -329.9669189453125, critic_loss: 19.43758773803711	
timestep: 711000, actor_loss: -337.1532287597656, critic_loss: 62.047245025634766	
timestep: 714000, actor_loss: -338.09906005859375, critic_loss: 30.296159744262695	
timestep: 717000, actor_loss: -312.08233642578125, critic_loss: 73.1759033203125	
timestep: 720000, actor_loss: -329.52789306640625, critic_loss: 13.415005683898926	
timestep: 723000, actor_loss: -326.37127685546875, critic_loss: 17.031030654907227	
timestep: 726000, actor_loss: -329.08599853515625, critic_loss: 1090.9237060546875	
timestep: 729000, actor_loss: -337.9748229980469, critic_loss: 18.961483001708984	
timestep: 732000, actor_loss: -330.9338073730469, critic_loss: 13.373473167419434	
timestep: 735000, actor_loss: -324.4565734863281, critic_loss: 149.71873474121094	
timestep: 738000, actor_loss: -330.8628845214844, critic_loss: 36.2872314453125	
timestep: 741000, actor_loss: -331.63507080078125, critic_loss: 25.702735900878906	
timestep: 744000, actor_loss: -325.29290771484375, critic_loss: 94.21825408935547	
timestep: 747000, actor_loss: -329.519287109375, critic_loss: 18.23240089416504	
timestep: 750000, actor_loss: -332.4630432128906, critic_loss: 18.735668182373047	
timestep: 753000, actor_loss: -318.66815185546875, critic_loss: 17.058773040771484	
timestep: 756000, actor_loss: -334.2452392578125, critic_loss: 1219.8271484375	
timestep: 759000, actor_loss: -334.010498046875, critic_loss: 31.909584045410156	
timestep: 762000, actor_loss: -332.6070251464844, critic_loss: 14.43017864227295	
timestep: 765000, actor_loss: -332.7182922363281, critic_loss: 12.004853248596191	
timestep: 768000, actor_loss: -330.95269775390625, critic_loss: 75.3876724243164	
timestep: 771000, actor_loss: -326.55816650390625, critic_loss: 18.207630157470703	
timestep: 774000, actor_loss: -317.85546875, critic_loss: 13.972963333129883	
timestep: 777000, actor_loss: -328.3211364746094, critic_loss: 13.864313125610352	
timestep: 780000, actor_loss: -312.80072021484375, critic_loss: 24.97842025756836	
timestep: 783000, actor_loss: -312.48077392578125, critic_loss: 47.13407897949219	
timestep: 786000, actor_loss: -332.66241455078125, critic_loss: 31.068525314331055	
timestep: 789000, actor_loss: -322.8606872558594, critic_loss: 10.388916015625	
timestep: 792000, actor_loss: -322.4594421386719, critic_loss: 32.72428512573242	
timestep: 795000, actor_loss: -331.32916259765625, critic_loss: 23.23541259765625	
timestep: 798000, actor_loss: -334.73809814453125, critic_loss: 61.86357498168945	
timestep: 801000, actor_loss: -320.2812805175781, critic_loss: 19.01137351989746	
timestep: 804000, actor_loss: -332.8473815917969, critic_loss: 11.69113540649414	
timestep: 807000, actor_loss: -331.35064697265625, critic_loss: 18.347900390625	
timestep: 810000, actor_loss: -330.90576171875, critic_loss: 48.82596206665039	
timestep: 813000, actor_loss: -336.37347412109375, critic_loss: 33.88458251953125	
timestep: 816000, actor_loss: -331.43646240234375, critic_loss: 34.487911224365234	
timestep: 819000, actor_loss: -325.39324951171875, critic_loss: 18.46746253967285	
timestep: 822000, actor_loss: -321.85308837890625, critic_loss: 69.0323486328125	
timestep: 825000, actor_loss: -346.99163818359375, critic_loss: 20.80862808227539	
timestep: 828000, actor_loss: -344.517578125, critic_loss: 37.68556213378906	
timestep: 831000, actor_loss: -355.916015625, critic_loss: 17.717588424682617	
timestep: 834000, actor_loss: -349.5697937011719, critic_loss: 42.25312805175781	
timestep: 837000, actor_loss: -361.4500732421875, critic_loss: 44.152061462402344	
timestep: 840000, actor_loss: -361.1692199707031, critic_loss: 17.471996307373047	
timestep: 843000, actor_loss: -338.3965148925781, critic_loss: 110.3380126953125	
timestep: 846000, actor_loss: -370.92401123046875, critic_loss: 24.36187171936035	
timestep: 849000, actor_loss: -366.170654296875, critic_loss: 32.93829345703125	
timestep: 852000, actor_loss: -351.9681701660156, critic_loss: 35.566959381103516	
timestep: 855000, actor_loss: -359.38543701171875, critic_loss: 37.80628967285156	
timestep: 858000, actor_loss: -372.18975830078125, critic_loss: 17.800395965576172	
timestep: 861000, actor_loss: -378.0738830566406, critic_loss: 57.318939208984375	
timestep: 864000, actor_loss: -353.44451904296875, critic_loss: 112.02629089355469	
timestep: 867000, actor_loss: -372.12713623046875, critic_loss: 125.51528930664062	
timestep: 870000, actor_loss: -374.693603515625, critic_loss: 95.74787902832031	
timestep: 873000, actor_loss: -365.9043273925781, critic_loss: 24.063152313232422	
timestep: 876000, actor_loss: -350.07220458984375, critic_loss: 42.17826843261719	
timestep: 879000, actor_loss: -347.92498779296875, critic_loss: 33.55636215209961	
timestep: 882000, actor_loss: -350.0306701660156, critic_loss: 13.400181770324707	
timestep: 885000, actor_loss: -354.280517578125, critic_loss: 17.18421745300293	
timestep: 888000, actor_loss: -347.2114562988281, critic_loss: 38.626075744628906	
timestep: 891000, actor_loss: -361.4914245605469, critic_loss: 20.72745132446289	
timestep: 894000, actor_loss: -352.6422424316406, critic_loss: 37.68111038208008	
timestep: 897000, actor_loss: -354.13134765625, critic_loss: 48.59190368652344	
timestep: 900000, actor_loss: -334.7282409667969, critic_loss: 23.14870834350586	
timestep: 903000, actor_loss: -347.70452880859375, critic_loss: 16.062711715698242	
timestep: 906000, actor_loss: -340.87847900390625, critic_loss: 101.38414764404297	
timestep: 909000, actor_loss: -341.7550048828125, critic_loss: 255.8247528076172	
timestep: 912000, actor_loss: -339.150390625, critic_loss: 46.691009521484375	
timestep: 915000, actor_loss: -340.787841796875, critic_loss: 9.38604736328125	
timestep: 918000, actor_loss: -343.3367919921875, critic_loss: 31.84881019592285	
timestep: 921000, actor_loss: -341.4737548828125, critic_loss: 31.475341796875	
timestep: 924000, actor_loss: -343.575439453125, critic_loss: 23.761974334716797	
timestep: 927000, actor_loss: -350.852783203125, critic_loss: 57.020816802978516	
timestep: 930000, actor_loss: -345.7755432128906, critic_loss: 19.58110809326172	
timestep: 933000, actor_loss: -339.58575439453125, critic_loss: 46.21989440917969	
timestep: 936000, actor_loss: -335.90673828125, critic_loss: 16.52227210998535	
timestep: 939000, actor_loss: -331.2801513671875, critic_loss: 83.09764862060547	
timestep: 942000, actor_loss: -331.28839111328125, critic_loss: 32.10664749145508	
timestep: 945000, actor_loss: -341.28900146484375, critic_loss: 253.1398162841797	
timestep: 948000, actor_loss: -345.9761962890625, critic_loss: 26.22378921508789	
timestep: 951000, actor_loss: -355.45745849609375, critic_loss: 18.567642211914062	
timestep: 954000, actor_loss: -342.49365234375, critic_loss: 18.370819091796875	
timestep: 957000, actor_loss: -346.55804443359375, critic_loss: 29.21521759033203	
timestep: 960000, actor_loss: -336.9842529296875, critic_loss: 24.377540588378906	
timestep: 963000, actor_loss: -343.6455383300781, critic_loss: 31.771862030029297	
timestep: 966000, actor_loss: -354.9600524902344, critic_loss: 266.0295104980469	
timestep: 969000, actor_loss: -340.0379638671875, critic_loss: 159.9649658203125	
timestep: 972000, actor_loss: -369.0567626953125, critic_loss: 42.667442321777344	
timestep: 975000, actor_loss: -369.44207763671875, critic_loss: 17.398052215576172	
timestep: 978000, actor_loss: -367.1964416503906, critic_loss: 28.01873779296875	
timestep: 981000, actor_loss: -349.6611633300781, critic_loss: 24.780380249023438	
timestep: 984000, actor_loss: -373.1140441894531, critic_loss: 16.82448387145996	
timestep: 987000, actor_loss: -347.64666748046875, critic_loss: 12.958030700683594	
timestep: 990000, actor_loss: -348.0599670410156, critic_loss: 33.725616455078125	
timestep: 993000, actor_loss: -362.0742492675781, critic_loss: 157.8497314453125	
timestep: 996000, actor_loss: -358.4193115234375, critic_loss: 25.54090118408203	
timestep: 999000, actor_loss: -363.60760498046875, critic_loss: 22.30858612060547	
timestep: 1002000, actor_loss: -334.08709716796875, critic_loss: 20.575206756591797	
timestep: 1005000, actor_loss: -350.23724365234375, critic_loss: 13.38304328918457	
timestep: 1008000, actor_loss: -346.86383056640625, critic_loss: 31.587692260742188	
timestep: 1011000, actor_loss: -346.33001708984375, critic_loss: 16.21785545349121	
timestep: 1014000, actor_loss: -340.2223815917969, critic_loss: 26.871295928955078	
timestep: 1017000, actor_loss: -344.38922119140625, critic_loss: 34.4467887878418	
timestep: 1020000, actor_loss: -340.68695068359375, critic_loss: 17.60305404663086	
timestep: 1023000, actor_loss: -346.98651123046875, critic_loss: 25.501373291015625	
timestep: 1026000, actor_loss: -356.0738525390625, critic_loss: 14.370945930480957	
timestep: 1029000, actor_loss: -339.84393310546875, critic_loss: 9.445478439331055	
timestep: 1032000, actor_loss: -341.6462707519531, critic_loss: 8.267939567565918	
timestep: 1035000, actor_loss: -343.90618896484375, critic_loss: 10.683978080749512	
timestep: 1038000, actor_loss: -344.45465087890625, critic_loss: 12.209441184997559	
timestep: 1041000, actor_loss: -342.44891357421875, critic_loss: 16.50418472290039	
timestep: 1044000, actor_loss: -344.5286865234375, critic_loss: 13.450756072998047	
timestep: 1047000, actor_loss: -336.6980895996094, critic_loss: 17.812259674072266	
timestep: 1050000, actor_loss: -331.17059326171875, critic_loss: 162.11387634277344	
timestep: 1053000, actor_loss: -335.0018310546875, critic_loss: 52.97415542602539	
timestep: 1056000, actor_loss: -353.5251159667969, critic_loss: 49.59739685058594	
timestep: 1059000, actor_loss: -336.12396240234375, critic_loss: 47.527225494384766	
timestep: 1062000, actor_loss: -345.9984130859375, critic_loss: 20.906692504882812	
timestep: 1065000, actor_loss: -339.92919921875, critic_loss: 11.161945343017578	
timestep: 1068000, actor_loss: -344.6170349121094, critic_loss: 53.49773025512695	
timestep: 1071000, actor_loss: -332.3670959472656, critic_loss: 371.606201171875	
timestep: 1074000, actor_loss: -330.6441650390625, critic_loss: 11.751246452331543	
timestep: 1077000, actor_loss: -332.4320068359375, critic_loss: 7.477544784545898	
timestep: 1080000, actor_loss: -350.340087890625, critic_loss: 9.322538375854492	
timestep: 1083000, actor_loss: -329.84014892578125, critic_loss: 15.59117317199707	
timestep: 1086000, actor_loss: -329.58624267578125, critic_loss: 11.824333190917969	
timestep: 1089000, actor_loss: -330.8597412109375, critic_loss: 11.285185813903809	
timestep: 1092000, actor_loss: -327.0029296875, critic_loss: 8.188814163208008	
timestep: 1095000, actor_loss: -326.27996826171875, critic_loss: 88.74476623535156	
timestep: 1098000, actor_loss: -343.0201416015625, critic_loss: 21.51436996459961	
timestep: 1101000, actor_loss: -326.1441650390625, critic_loss: 11.366771697998047	
timestep: 1104000, actor_loss: -336.83770751953125, critic_loss: 15.190299987792969	
timestep: 1107000, actor_loss: -340.1822509765625, critic_loss: 6.803192138671875	
timestep: 1110000, actor_loss: -326.8020324707031, critic_loss: 8.859018325805664	
timestep: 1113000, actor_loss: -332.5162353515625, critic_loss: 11.888785362243652	
timestep: 1116000, actor_loss: -328.8297119140625, critic_loss: 15.248150825500488	
timestep: 1119000, actor_loss: -330.21435546875, critic_loss: 92.26940155029297	
timestep: 1122000, actor_loss: -316.765380859375, critic_loss: 11.222515106201172	
timestep: 1125000, actor_loss: -334.9422607421875, critic_loss: 16.71893882751465	
timestep: 1128000, actor_loss: -346.7479248046875, critic_loss: 5.377781867980957	
timestep: 1131000, actor_loss: -332.2605285644531, critic_loss: 4.482215881347656	
timestep: 1134000, actor_loss: -349.5221252441406, critic_loss: 8.51830005645752	
timestep: 1137000, actor_loss: -344.5461120605469, critic_loss: 19.69239616394043	
timestep: 1140000, actor_loss: -332.32977294921875, critic_loss: 10.798829078674316	
timestep: 1143000, actor_loss: -348.8502197265625, critic_loss: 15.114265441894531	
timestep: 1146000, actor_loss: -350.3187561035156, critic_loss: 28.555908203125	
timestep: 1149000, actor_loss: -331.1638488769531, critic_loss: 12.055013656616211	
timestep: 1152000, actor_loss: -336.874267578125, critic_loss: 5.755133628845215	
timestep: 1155000, actor_loss: -321.4495849609375, critic_loss: 22.381622314453125	
timestep: 1158000, actor_loss: -339.51861572265625, critic_loss: 11.494745254516602	
timestep: 1161000, actor_loss: -341.3055725097656, critic_loss: 8.498117446899414	
timestep: 1164000, actor_loss: -337.6313171386719, critic_loss: 27.77773666381836	
timestep: 1167000, actor_loss: -336.94000244140625, critic_loss: 12.227203369140625	
timestep: 1170000, actor_loss: -341.0584411621094, critic_loss: 103.5418930053711	
timestep: 1173000, actor_loss: -334.4411315917969, critic_loss: 12.537656784057617	
timestep: 1176000, actor_loss: -332.91766357421875, critic_loss: 57.40175247192383	
timestep: 1179000, actor_loss: -333.56610107421875, critic_loss: 11.135805130004883	
timestep: 1182000, actor_loss: -326.420166015625, critic_loss: 42.72220993041992	
timestep: 1185000, actor_loss: -334.5296630859375, critic_loss: 6.9882612228393555	
timestep: 1188000, actor_loss: -342.3398742675781, critic_loss: 32.515907287597656	
timestep: 1191000, actor_loss: -341.5419006347656, critic_loss: 19.01830291748047	
timestep: 1194000, actor_loss: -350.0645751953125, critic_loss: 13.514841079711914	
timestep: 1197000, actor_loss: -330.13330078125, critic_loss: 7.754536151885986	
timestep: 1200000, actor_loss: -339.9298400878906, critic_loss: 15.882802963256836	
timestep: 1203000, actor_loss: -331.532958984375, critic_loss: 14.754152297973633	
timestep: 1206000, actor_loss: -334.35198974609375, critic_loss: 12.448850631713867	
timestep: 1209000, actor_loss: -342.75311279296875, critic_loss: 22.177051544189453	
timestep: 1212000, actor_loss: -323.87640380859375, critic_loss: 14.74373722076416	
timestep: 1215000, actor_loss: -332.45709228515625, critic_loss: 10.423317909240723	
timestep: 1218000, actor_loss: -334.0509033203125, critic_loss: 13.214744567871094	
timestep: 1221000, actor_loss: -325.37786865234375, critic_loss: 16.868337631225586	
timestep: 1224000, actor_loss: -336.0555419921875, critic_loss: 20.278669357299805	
timestep: 1227000, actor_loss: -311.73486328125, critic_loss: 27.638731002807617	
timestep: 1230000, actor_loss: -330.146728515625, critic_loss: 11.01424789428711	
timestep: 1233000, actor_loss: -328.17388916015625, critic_loss: 7.809726715087891	
timestep: 1236000, actor_loss: -343.0382080078125, critic_loss: 122.90898132324219	
timestep: 1239000, actor_loss: -325.70330810546875, critic_loss: 22.88631820678711	
timestep: 1242000, actor_loss: -323.6474609375, critic_loss: 707.9899291992188	
timestep: 1245000, actor_loss: -342.0616455078125, critic_loss: 20.90695571899414	
timestep: 1248000, actor_loss: -343.1260986328125, critic_loss: 7.619853973388672	
timestep: 1251000, actor_loss: -335.7586669921875, critic_loss: 10.760050773620605	
timestep: 1254000, actor_loss: -335.6367492675781, critic_loss: 10.759580612182617	
timestep: 1257000, actor_loss: -332.9491882324219, critic_loss: 10.639209747314453	
timestep: 1260000, actor_loss: -329.63726806640625, critic_loss: 14.834318161010742	
timestep: 1263000, actor_loss: -338.360107421875, critic_loss: 17.693286895751953	
timestep: 1266000, actor_loss: -327.41400146484375, critic_loss: 10.343570709228516	
timestep: 1269000, actor_loss: -318.1066589355469, critic_loss: 15.839032173156738	
timestep: 1272000, actor_loss: -340.0015869140625, critic_loss: 1211.14208984375	
timestep: 1275000, actor_loss: -343.0755920410156, critic_loss: 20.647966384887695	
timestep: 1278000, actor_loss: -333.70025634765625, critic_loss: 10.920476913452148	
timestep: 1281000, actor_loss: -342.4918212890625, critic_loss: 10.098976135253906	
timestep: 1284000, actor_loss: -331.2074279785156, critic_loss: 40.512123107910156	
timestep: 1287000, actor_loss: -325.94512939453125, critic_loss: 22.115692138671875	
timestep: 1290000, actor_loss: -337.4395446777344, critic_loss: 11.505918502807617	
timestep: 1293000, actor_loss: -342.24072265625, critic_loss: 10.063119888305664	
timestep: 1296000, actor_loss: -335.6327209472656, critic_loss: 6.851109504699707	
timestep: 1299000, actor_loss: -342.5821838378906, critic_loss: 7.064971923828125	
timestep: 1302000, actor_loss: -327.8123779296875, critic_loss: 14.052821159362793	
timestep: 1305000, actor_loss: -324.7716369628906, critic_loss: 79.0271224975586	
timestep: 1308000, actor_loss: -330.76824951171875, critic_loss: 7.280679225921631	
timestep: 1311000, actor_loss: -334.3942565917969, critic_loss: 51.35869216918945	
timestep: 1314000, actor_loss: -329.2320861816406, critic_loss: 21.52959632873535	
timestep: 1317000, actor_loss: -331.799072265625, critic_loss: 20.416872024536133	
timestep: 1320000, actor_loss: -335.365234375, critic_loss: 277.02886962890625	
timestep: 1323000, actor_loss: -341.95068359375, critic_loss: 8.975881576538086	
timestep: 1326000, actor_loss: -347.6515808105469, critic_loss: 10.673177719116211	
timestep: 1329000, actor_loss: -346.1028137207031, critic_loss: 6.487406253814697	
timestep: 1332000, actor_loss: -333.7945556640625, critic_loss: 11.017202377319336	
timestep: 1335000, actor_loss: -348.49310302734375, critic_loss: 9.784994125366211	
timestep: 1338000, actor_loss: -342.71734619140625, critic_loss: 6.185795783996582	
timestep: 1341000, actor_loss: -343.0472412109375, critic_loss: 8.188139915466309	
timestep: 1344000, actor_loss: -340.7203369140625, critic_loss: 7.701300621032715	
timestep: 1347000, actor_loss: -346.18426513671875, critic_loss: 151.57676696777344	
timestep: 1350000, actor_loss: -350.8260192871094, critic_loss: 10.831321716308594	
timestep: 1353000, actor_loss: -341.63470458984375, critic_loss: 18.33247184753418	
timestep: 1356000, actor_loss: -344.5806884765625, critic_loss: 10.957451820373535	
timestep: 1359000, actor_loss: -322.833251953125, critic_loss: 12.630708694458008	
timestep: 1362000, actor_loss: -340.9617919921875, critic_loss: 12.653027534484863	
timestep: 1365000, actor_loss: -332.2653503417969, critic_loss: 25.644969940185547	
timestep: 1368000, actor_loss: -332.428955078125, critic_loss: 23.25065803527832	
timestep: 1371000, actor_loss: -333.09881591796875, critic_loss: 8.763960838317871	
timestep: 1374000, actor_loss: -338.008056640625, critic_loss: 21.186046600341797	
timestep: 1377000, actor_loss: -324.823486328125, critic_loss: 20.249820709228516	
timestep: 1380000, actor_loss: -335.7747497558594, critic_loss: 11.020254135131836	
timestep: 1383000, actor_loss: -345.8506774902344, critic_loss: 20.447872161865234	
timestep: 1386000, actor_loss: -329.10845947265625, critic_loss: 22.799455642700195	
timestep: 1389000, actor_loss: -340.001953125, critic_loss: 16.691373825073242	
timestep: 1392000, actor_loss: -333.1034851074219, critic_loss: 61.549598693847656	
timestep: 1395000, actor_loss: -339.858154296875, critic_loss: 14.598013877868652	
timestep: 1398000, actor_loss: -342.20220947265625, critic_loss: 1234.3389892578125	
timestep: 1401000, actor_loss: -336.1081237792969, critic_loss: 21.820537567138672	
timestep: 1404000, actor_loss: -339.5570983886719, critic_loss: 11.196693420410156	
timestep: 1407000, actor_loss: -350.0320739746094, critic_loss: 14.477495193481445	
timestep: 1410000, actor_loss: -333.868896484375, critic_loss: 11.468873977661133	
timestep: 1413000, actor_loss: -333.6311340332031, critic_loss: 30.26266860961914	
timestep: 1416000, actor_loss: -338.029541015625, critic_loss: 9.177547454833984	
timestep: 1419000, actor_loss: -344.67242431640625, critic_loss: 12.828836441040039	
timestep: 1422000, actor_loss: -338.64178466796875, critic_loss: 8.198086738586426	
timestep: 1425000, actor_loss: -331.68212890625, critic_loss: 22.328929901123047	
timestep: 1428000, actor_loss: -341.2577819824219, critic_loss: 15.45436954498291	
timestep: 1431000, actor_loss: -345.6908874511719, critic_loss: 10.944672584533691	
timestep: 1434000, actor_loss: -345.3180847167969, critic_loss: 69.71276092529297	
timestep: 1437000, actor_loss: -335.4840087890625, critic_loss: 34.93512725830078	
timestep: 1440000, actor_loss: -329.9685974121094, critic_loss: 21.54762077331543	
timestep: 1443000, actor_loss: -333.320556640625, critic_loss: 12.013803482055664	
timestep: 1446000, actor_loss: -338.689697265625, critic_loss: 20.738330841064453	
timestep: 1449000, actor_loss: -322.5008544921875, critic_loss: 21.155437469482422	
timestep: 1452000, actor_loss: -326.53253173828125, critic_loss: 9.694664001464844	
timestep: 1455000, actor_loss: -345.7620544433594, critic_loss: 9.139330863952637	
timestep: 1458000, actor_loss: -344.3353271484375, critic_loss: 7.351345062255859	
timestep: 1461000, actor_loss: -342.7361755371094, critic_loss: 10.400229454040527	
timestep: 1464000, actor_loss: -344.7840270996094, critic_loss: 14.2490234375	
timestep: 1467000, actor_loss: -341.53643798828125, critic_loss: 8.975324630737305	
timestep: 1470000, actor_loss: -334.9579772949219, critic_loss: 819.801513671875	
timestep: 1473000, actor_loss: -342.15216064453125, critic_loss: 17.496416091918945	
timestep: 1476000, actor_loss: -331.27691650390625, critic_loss: 60.93478775024414	
timestep: 1479000, actor_loss: -346.4954833984375, critic_loss: 8.49459457397461	
timestep: 1482000, actor_loss: -351.33514404296875, critic_loss: 145.4119873046875	
timestep: 1485000, actor_loss: -343.5939636230469, critic_loss: 19.839935302734375	
timestep: 1488000, actor_loss: -353.53302001953125, critic_loss: 9.639963150024414	
timestep: 1491000, actor_loss: -345.5565490722656, critic_loss: 11.99411392211914	
timestep: 1494000, actor_loss: -354.5079040527344, critic_loss: 20.66983985900879	
timestep: 1497000, actor_loss: -341.8489685058594, critic_loss: 17.92633056640625	
timestep: 1500000, actor_loss: -358.6871337890625, critic_loss: 628.43017578125	
timestep: 1503000, actor_loss: -361.74273681640625, critic_loss: 12.415844917297363	
timestep: 1506000, actor_loss: -356.143310546875, critic_loss: 17.129850387573242	
timestep: 1509000, actor_loss: -348.2487487792969, critic_loss: 8.954744338989258	
timestep: 1512000, actor_loss: -356.6995849609375, critic_loss: 9.541849136352539	
timestep: 1515000, actor_loss: -348.5008544921875, critic_loss: 13.568025588989258	
timestep: 1518000, actor_loss: -352.04681396484375, critic_loss: 19.87395477294922	
timestep: 1521000, actor_loss: -342.70062255859375, critic_loss: 16.734390258789062	
timestep: 1524000, actor_loss: -336.95703125, critic_loss: 18.553340911865234	
timestep: 1527000, actor_loss: -355.129150390625, critic_loss: 10.057043075561523	
timestep: 1530000, actor_loss: -343.381103515625, critic_loss: 10.299585342407227	
timestep: 1533000, actor_loss: -339.9172668457031, critic_loss: 135.76370239257812	
timestep: 1536000, actor_loss: -339.66632080078125, critic_loss: 14.67451000213623	
timestep: 1539000, actor_loss: -354.81390380859375, critic_loss: 19.4296875	
timestep: 1542000, actor_loss: -339.77117919921875, critic_loss: 13.77859115600586	
timestep: 1545000, actor_loss: -341.0448913574219, critic_loss: 129.32403564453125	
timestep: 1548000, actor_loss: -358.5658874511719, critic_loss: 17.28793716430664	
timestep: 1551000, actor_loss: -325.10687255859375, critic_loss: 9.783319473266602	
timestep: 1554000, actor_loss: -355.3655090332031, critic_loss: 9.063607215881348	
timestep: 1557000, actor_loss: -341.43707275390625, critic_loss: 505.658935546875	
timestep: 1560000, actor_loss: -350.0469970703125, critic_loss: 19.243267059326172	
timestep: 1563000, actor_loss: -341.83355712890625, critic_loss: 13.536932945251465	
timestep: 1566000, actor_loss: -352.9395751953125, critic_loss: 12.548605918884277	
timestep: 1569000, actor_loss: -355.41015625, critic_loss: 27.892757415771484	
timestep: 1572000, actor_loss: -349.2119445800781, critic_loss: 219.7991485595703	
timestep: 1575000, actor_loss: -341.191650390625, critic_loss: 13.906232833862305	
timestep: 1578000, actor_loss: -351.49932861328125, critic_loss: 239.4069061279297	
timestep: 1581000, actor_loss: -358.12322998046875, critic_loss: 14.07373046875	
timestep: 1584000, actor_loss: -342.580810546875, critic_loss: 13.910961151123047	
timestep: 1587000, actor_loss: -349.402099609375, critic_loss: 10.077102661132812	
timestep: 1590000, actor_loss: -361.3822021484375, critic_loss: 9.148584365844727	
timestep: 1593000, actor_loss: -341.7591552734375, critic_loss: 11.398316383361816	
timestep: 1596000, actor_loss: -349.62408447265625, critic_loss: 13.70652961730957	
timestep: 1599000, actor_loss: -324.73858642578125, critic_loss: 14.435748100280762	
timestep: 1602000, actor_loss: -352.9684753417969, critic_loss: 24.41692352294922	
timestep: 1605000, actor_loss: -342.4912109375, critic_loss: 16.209117889404297	
timestep: 1608000, actor_loss: -351.28314208984375, critic_loss: 7.848599433898926	
timestep: 1611000, actor_loss: -336.9520263671875, critic_loss: 16.150753021240234	
timestep: 1614000, actor_loss: -338.372314453125, critic_loss: 4.567134857177734	
timestep: 1617000, actor_loss: -337.30975341796875, critic_loss: 129.07521057128906	
timestep: 1620000, actor_loss: -351.7501525878906, critic_loss: 8.952508926391602	
timestep: 1623000, actor_loss: -349.5401611328125, critic_loss: 10.347648620605469	
timestep: 1626000, actor_loss: -344.85284423828125, critic_loss: 5.99488639831543	
timestep: 1629000, actor_loss: -339.77606201171875, critic_loss: 14.457320213317871	
timestep: 1632000, actor_loss: -333.3006591796875, critic_loss: 8.868514060974121	
timestep: 1635000, actor_loss: -342.28662109375, critic_loss: 36.44036865234375	
timestep: 1638000, actor_loss: -343.8960266113281, critic_loss: 14.787654876708984	
timestep: 1641000, actor_loss: -331.28692626953125, critic_loss: 11.613134384155273	
timestep: 1644000, actor_loss: -347.40838623046875, critic_loss: 11.624971389770508	
timestep: 1647000, actor_loss: -370.3751525878906, critic_loss: 14.90983772277832	
timestep: 1650000, actor_loss: -345.1086120605469, critic_loss: 17.97063446044922	
timestep: 1653000, actor_loss: -345.6310729980469, critic_loss: 11.957061767578125	
timestep: 1656000, actor_loss: -332.1392822265625, critic_loss: 9.710296630859375	
timestep: 1659000, actor_loss: -363.258056640625, critic_loss: 8.437685012817383	
timestep: 1662000, actor_loss: -346.12603759765625, critic_loss: 15.239158630371094	
timestep: 1665000, actor_loss: -349.22900390625, critic_loss: 5.9219160079956055	
timestep: 1668000, actor_loss: -349.85992431640625, critic_loss: 10.337489128112793	
timestep: 1671000, actor_loss: -351.87408447265625, critic_loss: 9.726116180419922	
timestep: 1674000, actor_loss: -345.11724853515625, critic_loss: 7.7513813972473145	
timestep: 1677000, actor_loss: -350.2647399902344, critic_loss: 12.321783065795898	
timestep: 1680000, actor_loss: -341.0448913574219, critic_loss: 12.31851577758789	
timestep: 1683000, actor_loss: -352.0487060546875, critic_loss: 23.26656723022461	
timestep: 1686000, actor_loss: -334.81536865234375, critic_loss: 7.121851444244385	
timestep: 1689000, actor_loss: -348.74664306640625, critic_loss: 4.940108776092529	
timestep: 1692000, actor_loss: -329.69232177734375, critic_loss: 9.437479019165039	
timestep: 1695000, actor_loss: -352.20220947265625, critic_loss: 13.0338773727417	
timestep: 1698000, actor_loss: -332.31646728515625, critic_loss: 8.963457107543945	
timestep: 1701000, actor_loss: -351.90618896484375, critic_loss: 7.689769744873047	
timestep: 1704000, actor_loss: -334.1560974121094, critic_loss: 9.937408447265625	
timestep: 1707000, actor_loss: -346.361572265625, critic_loss: 13.279132843017578	
timestep: 1710000, actor_loss: -345.35931396484375, critic_loss: 19.949851989746094	
timestep: 1713000, actor_loss: -344.81298828125, critic_loss: 11.66409683227539	
timestep: 1716000, actor_loss: -330.8050842285156, critic_loss: 12.32283878326416	
timestep: 1719000, actor_loss: -352.23968505859375, critic_loss: 12.603128433227539	
timestep: 1722000, actor_loss: -346.4486083984375, critic_loss: 11.111066818237305	
timestep: 1725000, actor_loss: -339.81793212890625, critic_loss: 8.805480003356934	
timestep: 1728000, actor_loss: -342.7172546386719, critic_loss: 10.954168319702148	
timestep: 1731000, actor_loss: -358.5465393066406, critic_loss: 7.823702812194824	
timestep: 1734000, actor_loss: -345.4102783203125, critic_loss: 13.703267097473145	
timestep: 1737000, actor_loss: -332.05279541015625, critic_loss: 5.653636932373047	
timestep: 1740000, actor_loss: -361.66693115234375, critic_loss: 10.921696662902832	
timestep: 1743000, actor_loss: -348.12493896484375, critic_loss: 15.154315948486328	
timestep: 1746000, actor_loss: -347.12310791015625, critic_loss: 7.8826398849487305	
timestep: 1749000, actor_loss: -354.8458251953125, critic_loss: 23.918712615966797	
timestep: 1752000, actor_loss: -341.58599853515625, critic_loss: 12.456777572631836	
timestep: 1755000, actor_loss: -355.8058776855469, critic_loss: 20.84014892578125	
timestep: 1758000, actor_loss: -366.51824951171875, critic_loss: 937.1074829101562	
timestep: 1761000, actor_loss: -342.07232666015625, critic_loss: 43.055301666259766	
timestep: 1764000, actor_loss: -353.5425720214844, critic_loss: 23.1789608001709	
timestep: 1767000, actor_loss: -340.16766357421875, critic_loss: 6.178077697753906	
timestep: 1770000, actor_loss: -352.39019775390625, critic_loss: 28.523839950561523	
timestep: 1773000, actor_loss: -338.89508056640625, critic_loss: 14.430587768554688	
timestep: 1776000, actor_loss: -343.4066162109375, critic_loss: 6.554886817932129	
timestep: 1779000, actor_loss: -330.405517578125, critic_loss: 12.282083511352539	
timestep: 1782000, actor_loss: -346.2552795410156, critic_loss: 11.124174118041992	
timestep: 1785000, actor_loss: -355.31890869140625, critic_loss: 75.40084075927734	
timestep: 1788000, actor_loss: -334.0579528808594, critic_loss: 24.839977264404297	
timestep: 1791000, actor_loss: -356.37030029296875, critic_loss: 1062.8543701171875	
timestep: 1794000, actor_loss: -337.7655334472656, critic_loss: 15.192712783813477	
timestep: 1797000, actor_loss: -336.633544921875, critic_loss: 6.226888656616211	
timestep: 1800000, actor_loss: -351.2469177246094, critic_loss: 30.83310317993164	
timestep: 1803000, actor_loss: -334.1838073730469, critic_loss: 9.493684768676758	
timestep: 1806000, actor_loss: -343.61260986328125, critic_loss: 18.111623764038086	
timestep: 1809000, actor_loss: -335.2745666503906, critic_loss: 15.539983749389648	
timestep: 1812000, actor_loss: -352.9231262207031, critic_loss: 13.44558048248291	
timestep: 1815000, actor_loss: -343.8049621582031, critic_loss: 102.62195587158203	
timestep: 1818000, actor_loss: -340.3830871582031, critic_loss: 407.87017822265625	
timestep: 1821000, actor_loss: -339.0271911621094, critic_loss: 12.339722633361816	
timestep: 1824000, actor_loss: -339.386962890625, critic_loss: 19.363643646240234	
timestep: 1827000, actor_loss: -358.3388977050781, critic_loss: 1286.8421630859375	
timestep: 1830000, actor_loss: -346.255126953125, critic_loss: 15.49357795715332	
timestep: 1833000, actor_loss: -351.41339111328125, critic_loss: 10.736848831176758	
timestep: 1836000, actor_loss: -343.8913879394531, critic_loss: 26.50263786315918	
timestep: 1839000, actor_loss: -359.4901123046875, critic_loss: 39.54938507080078	
timestep: 1842000, actor_loss: -348.7050476074219, critic_loss: 16.10123062133789	
timestep: 1845000, actor_loss: -346.1175537109375, critic_loss: 25.807769775390625	
timestep: 1848000, actor_loss: -344.87518310546875, critic_loss: 18.906986236572266	
timestep: 1851000, actor_loss: -339.2503662109375, critic_loss: 15.101690292358398	
timestep: 1854000, actor_loss: -346.2950439453125, critic_loss: 19.882709503173828	
timestep: 1857000, actor_loss: -360.83050537109375, critic_loss: 19.393280029296875	
timestep: 1860000, actor_loss: -375.34130859375, critic_loss: 29.953041076660156	
timestep: 1863000, actor_loss: -362.85260009765625, critic_loss: 29.051223754882812	
timestep: 1866000, actor_loss: -345.59942626953125, critic_loss: 32.67024612426758	
timestep: 1869000, actor_loss: -351.6014404296875, critic_loss: 12.9701566696167	
timestep: 1872000, actor_loss: -366.8961181640625, critic_loss: 23.137027740478516	
timestep: 1875000, actor_loss: -368.5817565917969, critic_loss: 17.380083084106445	
timestep: 1878000, actor_loss: -340.30865478515625, critic_loss: 16.3896541595459	
timestep: 1881000, actor_loss: -371.9598083496094, critic_loss: 19.862306594848633	
timestep: 1884000, actor_loss: -366.46893310546875, critic_loss: 80.03034973144531	
timestep: 1887000, actor_loss: -360.35003662109375, critic_loss: 1488.5150146484375	
timestep: 1890000, actor_loss: -349.37646484375, critic_loss: 29.21007537841797	
timestep: 1893000, actor_loss: -351.6221008300781, critic_loss: 60.192970275878906	
timestep: 1896000, actor_loss: -354.4027099609375, critic_loss: 112.07830047607422	
timestep: 1899000, actor_loss: -364.12744140625, critic_loss: 32.7021598815918	
timestep: 1902000, actor_loss: -348.18731689453125, critic_loss: 46.788726806640625	
timestep: 1905000, actor_loss: -357.59735107421875, critic_loss: 16.036808013916016	
timestep: 1908000, actor_loss: -345.1505126953125, critic_loss: 13.235577583312988	
timestep: 1911000, actor_loss: -348.9153747558594, critic_loss: 11.120250701904297	
timestep: 1914000, actor_loss: -340.33587646484375, critic_loss: 50.591552734375	
timestep: 1917000, actor_loss: -353.9611511230469, critic_loss: 19.1281681060791	
timestep: 1920000, actor_loss: -334.4670715332031, critic_loss: 28.262184143066406	
timestep: 1923000, actor_loss: -363.15692138671875, critic_loss: 20.325437545776367	
timestep: 1926000, actor_loss: -330.96405029296875, critic_loss: 245.93304443359375	
timestep: 1929000, actor_loss: -352.23187255859375, critic_loss: 10.188142776489258	
timestep: 1932000, actor_loss: -353.32904052734375, critic_loss: 25.256181716918945	
timestep: 1935000, actor_loss: -351.96319580078125, critic_loss: 32.08307647705078	
timestep: 1938000, actor_loss: -349.08489990234375, critic_loss: 59.62092590332031	
timestep: 1941000, actor_loss: -351.693603515625, critic_loss: 19.5589656829834	
timestep: 1944000, actor_loss: -356.285888671875, critic_loss: 10.821426391601562	
timestep: 1947000, actor_loss: -364.39483642578125, critic_loss: 11.426106452941895	
timestep: 1950000, actor_loss: -351.11004638671875, critic_loss: 8.534201622009277	
timestep: 1953000, actor_loss: -353.46771240234375, critic_loss: 12.036360740661621	
timestep: 1956000, actor_loss: -355.394287109375, critic_loss: 15.121824264526367	
timestep: 1959000, actor_loss: -361.37664794921875, critic_loss: 16.906221389770508	
timestep: 1962000, actor_loss: -346.5761413574219, critic_loss: 24.395212173461914	
timestep: 1965000, actor_loss: -361.986328125, critic_loss: 13.600690841674805	
timestep: 1968000, actor_loss: -354.0044250488281, critic_loss: 27.044322967529297	
timestep: 1971000, actor_loss: -348.2557373046875, critic_loss: 37.7021369934082	
timestep: 1974000, actor_loss: -350.93792724609375, critic_loss: 15.860811233520508	
timestep: 1977000, actor_loss: -373.41845703125, critic_loss: 51.89717102050781	
timestep: 1980000, actor_loss: -367.322509765625, critic_loss: 36.85734176635742	
timestep: 1983000, actor_loss: -354.8448486328125, critic_loss: 28.796672821044922	
timestep: 1986000, actor_loss: -343.73101806640625, critic_loss: 22.988025665283203	
timestep: 1989000, actor_loss: -341.6441650390625, critic_loss: 23.611949920654297	
timestep: 1992000, actor_loss: -368.673095703125, critic_loss: 14.870002746582031	
timestep: 1995000, actor_loss: -384.2911376953125, critic_loss: 13.125732421875	
timestep: 1998000, actor_loss: -373.30316162109375, critic_loss: 21.861942291259766	
timestep: 6000, actor_loss: -3.5606932640075684, critic_loss: 0.19442814588546753	
timestep: 9000, actor_loss: -15.48387336730957, critic_loss: 0.9909362196922302	
timestep: 12000, actor_loss: -29.910808563232422, critic_loss: 4.298999786376953	
timestep: 15000, actor_loss: -46.69212341308594, critic_loss: 2.688236713409424	
timestep: 18000, actor_loss: -64.04470825195312, critic_loss: 8.430562019348145	
timestep: 21000, actor_loss: -73.2304458618164, critic_loss: 4.163963794708252	
timestep: 24000, actor_loss: -86.55697631835938, critic_loss: 3.9054551124572754	
timestep: 27000, actor_loss: -96.92643737792969, critic_loss: 6.169098854064941	
timestep: 30000, actor_loss: -104.46772003173828, critic_loss: 4.7844085693359375	
timestep: 33000, actor_loss: -121.41279602050781, critic_loss: 46.65152359008789	
timestep: 36000, actor_loss: -128.22921752929688, critic_loss: 7.676743030548096	
timestep: 39000, actor_loss: -139.04812622070312, critic_loss: 11.250520706176758	
timestep: 42000, actor_loss: -143.28448486328125, critic_loss: 80.38324737548828	
timestep: 45000, actor_loss: -152.63697814941406, critic_loss: 11.80196762084961	
timestep: 48000, actor_loss: -157.7616729736328, critic_loss: 72.4033432006836	
timestep: 51000, actor_loss: -161.93963623046875, critic_loss: 8.782188415527344	
timestep: 54000, actor_loss: -167.60545349121094, critic_loss: 32.924808502197266	
timestep: 57000, actor_loss: -186.1500244140625, critic_loss: 12.634001731872559	
timestep: 60000, actor_loss: -180.64157104492188, critic_loss: 6.944627285003662	
timestep: 63000, actor_loss: -199.54135131835938, critic_loss: 11.928613662719727	
timestep: 66000, actor_loss: -199.23634338378906, critic_loss: 16.877973556518555	
timestep: 69000, actor_loss: -206.50119018554688, critic_loss: 18.558603286743164	
timestep: 72000, actor_loss: -196.72402954101562, critic_loss: 19.545589447021484	
timestep: 75000, actor_loss: -226.45867919921875, critic_loss: 20.56638526916504	
timestep: 78000, actor_loss: -227.2935791015625, critic_loss: 18.569467544555664	
timestep: 81000, actor_loss: -224.7408447265625, critic_loss: 27.037368774414062	
timestep: 84000, actor_loss: -240.78561401367188, critic_loss: 33.060630798339844	
timestep: 87000, actor_loss: -236.38671875, critic_loss: 592.546142578125	
timestep: 90000, actor_loss: -264.14892578125, critic_loss: 239.80419921875	
timestep: 93000, actor_loss: -261.6722717285156, critic_loss: 45.42490768432617	
timestep: 96000, actor_loss: -270.50262451171875, critic_loss: 87.48916625976562	
timestep: 99000, actor_loss: -264.68756103515625, critic_loss: 25.034027099609375	
timestep: 102000, actor_loss: -279.8896179199219, critic_loss: 83.97756958007812	
timestep: 105000, actor_loss: -301.3885192871094, critic_loss: 148.04371643066406	
timestep: 108000, actor_loss: -286.0393981933594, critic_loss: 82.43450164794922	
timestep: 111000, actor_loss: -331.2091979980469, critic_loss: 84.2319107055664	
timestep: 114000, actor_loss: -293.880126953125, critic_loss: 160.8148956298828	
timestep: 117000, actor_loss: -339.2143859863281, critic_loss: 40.17314529418945	
timestep: 120000, actor_loss: -331.32208251953125, critic_loss: 126.58021545410156	
timestep: 123000, actor_loss: -327.619140625, critic_loss: 57.815887451171875	
timestep: 126000, actor_loss: -316.5630187988281, critic_loss: 265.2226867675781	
timestep: 129000, actor_loss: -322.5193786621094, critic_loss: 298.4107666015625	
timestep: 132000, actor_loss: -330.634765625, critic_loss: 56.22752380371094	
timestep: 135000, actor_loss: -348.05511474609375, critic_loss: 58.13874053955078	
timestep: 138000, actor_loss: -358.86370849609375, critic_loss: 63.337974548339844	
timestep: 141000, actor_loss: -356.661376953125, critic_loss: 62.51149368286133	
timestep: 144000, actor_loss: -347.5738525390625, critic_loss: 52.408138275146484	
timestep: 147000, actor_loss: -373.3695373535156, critic_loss: 43.376502990722656	
timestep: 150000, actor_loss: -359.1341247558594, critic_loss: 56.20091247558594	
timestep: 153000, actor_loss: -364.1371765136719, critic_loss: 62.16904067993164	
timestep: 156000, actor_loss: -359.7058410644531, critic_loss: 77.66316223144531	
timestep: 159000, actor_loss: -356.8380126953125, critic_loss: 100.29058074951172	
timestep: 162000, actor_loss: -372.4549865722656, critic_loss: 48.82609558105469	
timestep: 165000, actor_loss: -357.6216735839844, critic_loss: 83.16732025146484	
timestep: 168000, actor_loss: -372.7672119140625, critic_loss: 194.9281005859375	
timestep: 171000, actor_loss: -368.12896728515625, critic_loss: 130.09201049804688	
timestep: 174000, actor_loss: -379.419921875, critic_loss: 63.87205123901367	
timestep: 177000, actor_loss: -398.6262512207031, critic_loss: 84.43143463134766	
timestep: 180000, actor_loss: -387.14068603515625, critic_loss: 76.1129150390625	
timestep: 183000, actor_loss: -409.8234558105469, critic_loss: 65.29415893554688	
timestep: 186000, actor_loss: -404.705810546875, critic_loss: 54.168373107910156	
timestep: 189000, actor_loss: -406.8641662597656, critic_loss: 275.4040832519531	
timestep: 192000, actor_loss: -368.57781982421875, critic_loss: 282.0572204589844	
timestep: 195000, actor_loss: -389.43682861328125, critic_loss: 269.6092834472656	
timestep: 198000, actor_loss: -381.6925964355469, critic_loss: 81.41056060791016	
timestep: 201000, actor_loss: -382.75836181640625, critic_loss: 105.90552520751953	
timestep: 204000, actor_loss: -380.92767333984375, critic_loss: 67.10285949707031	
timestep: 207000, actor_loss: -394.04754638671875, critic_loss: 366.7353210449219	
timestep: 210000, actor_loss: -365.6964416503906, critic_loss: 231.48629760742188	
timestep: 213000, actor_loss: -373.3162841796875, critic_loss: 62.03887939453125	
timestep: 216000, actor_loss: -353.7728576660156, critic_loss: 30.85349464416504	
timestep: 219000, actor_loss: -366.92578125, critic_loss: 58.959144592285156	
timestep: 222000, actor_loss: -354.0585021972656, critic_loss: 87.419189453125	
timestep: 225000, actor_loss: -352.90338134765625, critic_loss: 35.907798767089844	
timestep: 228000, actor_loss: -342.89642333984375, critic_loss: 65.70755004882812	
timestep: 231000, actor_loss: -345.72149658203125, critic_loss: 23.668548583984375	
timestep: 234000, actor_loss: -342.0660400390625, critic_loss: 41.40116882324219	
timestep: 237000, actor_loss: -338.8648376464844, critic_loss: 44.97548294067383	
timestep: 240000, actor_loss: -336.5318908691406, critic_loss: 70.03290557861328	
timestep: 243000, actor_loss: -334.6883544921875, critic_loss: 58.199588775634766	
timestep: 246000, actor_loss: -331.8739013671875, critic_loss: 49.17720031738281	
timestep: 249000, actor_loss: -349.4661865234375, critic_loss: 78.1925277709961	
timestep: 252000, actor_loss: -323.9395446777344, critic_loss: 18.879390716552734	
timestep: 255000, actor_loss: -331.10906982421875, critic_loss: 68.39395904541016	
timestep: 258000, actor_loss: -335.3646240234375, critic_loss: 158.6046142578125	
timestep: 261000, actor_loss: -317.171142578125, critic_loss: 1130.361328125	
timestep: 264000, actor_loss: -332.4261474609375, critic_loss: 33.935218811035156	
timestep: 267000, actor_loss: -333.53369140625, critic_loss: 12.791662216186523	
timestep: 270000, actor_loss: -349.07403564453125, critic_loss: 23.433246612548828	
timestep: 273000, actor_loss: -315.5493469238281, critic_loss: 419.0575256347656	
timestep: 276000, actor_loss: -329.4093933105469, critic_loss: 23.068931579589844	
timestep: 279000, actor_loss: -332.36083984375, critic_loss: 56.37864685058594	
timestep: 282000, actor_loss: -324.676513671875, critic_loss: 36.58903503417969	
timestep: 285000, actor_loss: -323.7492370605469, critic_loss: 35.846370697021484	
timestep: 288000, actor_loss: -318.02520751953125, critic_loss: 62.76665496826172	
timestep: 291000, actor_loss: -354.0799865722656, critic_loss: 23.714080810546875	
timestep: 294000, actor_loss: -323.7491760253906, critic_loss: 359.5890808105469	
timestep: 297000, actor_loss: -359.760986328125, critic_loss: 204.4696502685547	
timestep: 300000, actor_loss: -341.10687255859375, critic_loss: 34.0776481628418	
timestep: 303000, actor_loss: -345.3814697265625, critic_loss: 112.61109161376953	
timestep: 306000, actor_loss: -342.76507568359375, critic_loss: 103.61811828613281	
timestep: 309000, actor_loss: -355.0078125, critic_loss: 21.682598114013672	
timestep: 312000, actor_loss: -360.7219543457031, critic_loss: 97.03636169433594	
timestep: 315000, actor_loss: -340.168701171875, critic_loss: 24.03754997253418	
timestep: 318000, actor_loss: -335.3125915527344, critic_loss: 427.1438903808594	
timestep: 321000, actor_loss: -347.2884826660156, critic_loss: 1057.070556640625	
timestep: 324000, actor_loss: -330.64312744140625, critic_loss: 123.45677185058594	
timestep: 327000, actor_loss: -340.9075927734375, critic_loss: 31.596904754638672	
timestep: 330000, actor_loss: -343.7181091308594, critic_loss: 49.610774993896484	
timestep: 333000, actor_loss: -336.5800476074219, critic_loss: 63.419715881347656	
timestep: 336000, actor_loss: -333.72369384765625, critic_loss: 20.376998901367188	
timestep: 339000, actor_loss: -331.30133056640625, critic_loss: 25.62967300415039	
timestep: 342000, actor_loss: -327.54364013671875, critic_loss: 22.587482452392578	
timestep: 345000, actor_loss: -342.7236633300781, critic_loss: 15.573799133300781	
timestep: 348000, actor_loss: -326.37933349609375, critic_loss: 53.28025817871094	
timestep: 351000, actor_loss: -322.5362548828125, critic_loss: 62.17692565917969	
timestep: 354000, actor_loss: -319.08465576171875, critic_loss: 40.528533935546875	
timestep: 357000, actor_loss: -321.36279296875, critic_loss: 35.32279968261719	
timestep: 360000, actor_loss: -337.37677001953125, critic_loss: 1182.6444091796875	
timestep: 363000, actor_loss: -329.227783203125, critic_loss: 154.68295288085938	
timestep: 366000, actor_loss: -320.9515075683594, critic_loss: 22.07709312438965	
timestep: 369000, actor_loss: -337.8436279296875, critic_loss: 14.864124298095703	
timestep: 372000, actor_loss: -335.30364990234375, critic_loss: 74.82229614257812	
timestep: 375000, actor_loss: -325.8594665527344, critic_loss: 24.33484649658203	
timestep: 378000, actor_loss: -338.02606201171875, critic_loss: 49.89857482910156	
timestep: 381000, actor_loss: -324.8529052734375, critic_loss: 222.03797912597656	
